mode: set
github.com/aws-research-wizard/go/internal/intelligence/cost_optimizer.go:30.40,38.2 3 1
github.com/aws-research-wizard/go/internal/intelligence/cost_optimizer.go:42.50,112.2 2 1
github.com/aws-research-wizard/go/internal/intelligence/cost_optimizer.go:119.25,134.24 7 1
github.com/aws-research-wizard/go/internal/intelligence/cost_optimizer.go:134.24,138.3 3 1
github.com/aws-research-wizard/go/internal/intelligence/cost_optimizer.go:141.2,141.43 1 1
github.com/aws-research-wizard/go/internal/intelligence/cost_optimizer.go:141.43,144.3 2 0
github.com/aws-research-wizard/go/internal/intelligence/cost_optimizer.go:146.2,159.3 3 1
github.com/aws-research-wizard/go/internal/intelligence/cost_optimizer.go:163.87,166.13 2 1
github.com/aws-research-wizard/go/internal/intelligence/cost_optimizer.go:166.13,168.3 1 1
github.com/aws-research-wizard/go/internal/intelligence/cost_optimizer.go:170.2,174.65 3 1
github.com/aws-research-wizard/go/internal/intelligence/cost_optimizer.go:174.65,177.13 3 1
github.com/aws-research-wizard/go/internal/intelligence/cost_optimizer.go:177.13,179.4 1 1
github.com/aws-research-wizard/go/internal/intelligence/cost_optimizer.go:183.2,183.64 1 1
github.com/aws-research-wizard/go/internal/intelligence/cost_optimizer.go:183.64,185.13 2 1
github.com/aws-research-wizard/go/internal/intelligence/cost_optimizer.go:185.13,187.4 1 1
github.com/aws-research-wizard/go/internal/intelligence/cost_optimizer.go:190.2,190.42 1 1
github.com/aws-research-wizard/go/internal/intelligence/cost_optimizer.go:194.97,196.13 2 1
github.com/aws-research-wizard/go/internal/intelligence/cost_optimizer.go:196.13,198.3 1 1
github.com/aws-research-wizard/go/internal/intelligence/cost_optimizer.go:201.2,209.38 6 1
github.com/aws-research-wizard/go/internal/intelligence/cost_optimizer.go:209.38,213.3 3 1
github.com/aws-research-wizard/go/internal/intelligence/cost_optimizer.go:213.8,213.40 1 1
github.com/aws-research-wizard/go/internal/intelligence/cost_optimizer.go:213.40,217.3 3 1
github.com/aws-research-wizard/go/internal/intelligence/cost_optimizer.go:219.2,224.3 1 1
github.com/aws-research-wizard/go/internal/intelligence/cost_optimizer.go:228.134,235.32 4 1
github.com/aws-research-wizard/go/internal/intelligence/cost_optimizer.go:235.32,237.3 1 1
github.com/aws-research-wizard/go/internal/intelligence/cost_optimizer.go:239.2,245.3 1 1
github.com/aws-research-wizard/go/internal/intelligence/cost_optimizer.go:252.25,257.68 2 1
github.com/aws-research-wizard/go/internal/intelligence/cost_optimizer.go:257.68,269.3 4 1
github.com/aws-research-wizard/go/internal/intelligence/cost_optimizer.go:272.2,272.67 1 1
github.com/aws-research-wizard/go/internal/intelligence/cost_optimizer.go:272.67,284.3 4 1
github.com/aws-research-wizard/go/internal/intelligence/cost_optimizer.go:287.2,287.68 1 1
github.com/aws-research-wizard/go/internal/intelligence/cost_optimizer.go:287.68,292.18 4 1
github.com/aws-research-wizard/go/internal/intelligence/cost_optimizer.go:292.18,300.4 1 1
github.com/aws-research-wizard/go/internal/intelligence/cost_optimizer.go:303.2,303.22 1 1
github.com/aws-research-wizard/go/internal/intelligence/cost_optimizer.go:313.12,318.68 2 1
github.com/aws-research-wizard/go/internal/intelligence/cost_optimizer.go:318.68,322.3 1 1
github.com/aws-research-wizard/go/internal/intelligence/cost_optimizer.go:324.2,324.28 1 1
github.com/aws-research-wizard/go/internal/intelligence/cost_optimizer.go:324.28,328.3 1 1
github.com/aws-research-wizard/go/internal/intelligence/cost_optimizer.go:331.2,331.34 1 1
github.com/aws-research-wizard/go/internal/intelligence/cost_optimizer.go:331.34,332.30 1 1
github.com/aws-research-wizard/go/internal/intelligence/cost_optimizer.go:332.30,336.4 1 1
github.com/aws-research-wizard/go/internal/intelligence/cost_optimizer.go:340.2,340.16 1 1
github.com/aws-research-wizard/go/internal/intelligence/cost_optimizer.go:341.18,344.83 1 1
github.com/aws-research-wizard/go/internal/intelligence/cost_optimizer.go:345.26,348.72 1 0
github.com/aws-research-wizard/go/internal/intelligence/cost_optimizer.go:349.17,352.64 1 0
github.com/aws-research-wizard/go/internal/intelligence/cost_optimizer.go:356.2,357.21 2 1
github.com/aws-research-wizard/go/internal/intelligence/cost_optimizer.go:357.21,361.3 1 0
github.com/aws-research-wizard/go/internal/intelligence/cost_optimizer.go:363.2,363.24 1 1
github.com/aws-research-wizard/go/internal/intelligence/cost_optimizer.go:368.51,372.2 1 1
github.com/aws-research-wizard/go/internal/intelligence/cost_optimizer.go:374.46,379.2 1 1
github.com/aws-research-wizard/go/internal/intelligence/cost_optimizer.go:381.50,386.2 1 1
github.com/aws-research-wizard/go/internal/intelligence/cost_optimizer.go:389.98,391.13 2 1
github.com/aws-research-wizard/go/internal/intelligence/cost_optimizer.go:391.13,393.3 1 1
github.com/aws-research-wizard/go/internal/intelligence/cost_optimizer.go:395.2,395.35 1 1
github.com/aws-research-wizard/go/internal/intelligence/cost_optimizer.go:399.90,402.45 2 1
github.com/aws-research-wizard/go/internal/intelligence/cost_optimizer.go:402.45,403.69 1 1
github.com/aws-research-wizard/go/internal/intelligence/cost_optimizer.go:403.69,405.4 1 1
github.com/aws-research-wizard/go/internal/intelligence/cost_optimizer.go:408.2,408.14 1 1
github.com/aws-research-wizard/go/internal/intelligence/domain_pack_loader.go:87.54,92.54 2 1
github.com/aws-research-wizard/go/internal/intelligence/domain_pack_loader.go:92.54,94.3 1 0
github.com/aws-research-wizard/go/internal/intelligence/domain_pack_loader.go:97.2,97.57 1 1
github.com/aws-research-wizard/go/internal/intelligence/domain_pack_loader.go:97.57,99.3 1 1
github.com/aws-research-wizard/go/internal/intelligence/domain_pack_loader.go:101.2,104.3 1 1
github.com/aws-research-wizard/go/internal/intelligence/domain_pack_loader.go:108.89,110.53 1 1
github.com/aws-research-wizard/go/internal/intelligence/domain_pack_loader.go:110.53,112.3 1 0
github.com/aws-research-wizard/go/internal/intelligence/domain_pack_loader.go:115.2,116.16 2 1
github.com/aws-research-wizard/go/internal/intelligence/domain_pack_loader.go:116.16,118.3 1 1
github.com/aws-research-wizard/go/internal/intelligence/domain_pack_loader.go:121.2,122.16 2 0
github.com/aws-research-wizard/go/internal/intelligence/domain_pack_loader.go:122.16,124.3 1 0
github.com/aws-research-wizard/go/internal/intelligence/domain_pack_loader.go:127.2,132.18 3 0
github.com/aws-research-wizard/go/internal/intelligence/domain_pack_loader.go:136.87,143.16 4 1
github.com/aws-research-wizard/go/internal/intelligence/domain_pack_loader.go:143.16,145.3 1 0
github.com/aws-research-wizard/go/internal/intelligence/domain_pack_loader.go:147.2,147.38 1 1
github.com/aws-research-wizard/go/internal/intelligence/domain_pack_loader.go:147.38,148.24 1 1
github.com/aws-research-wizard/go/internal/intelligence/domain_pack_loader.go:148.24,149.12 1 0
github.com/aws-research-wizard/go/internal/intelligence/domain_pack_loader.go:152.3,154.17 3 1
github.com/aws-research-wizard/go/internal/intelligence/domain_pack_loader.go:154.17,155.12 1 0
github.com/aws-research-wizard/go/internal/intelligence/domain_pack_loader.go:158.3,158.34 1 1
github.com/aws-research-wizard/go/internal/intelligence/domain_pack_loader.go:158.34,159.23 1 0
github.com/aws-research-wizard/go/internal/intelligence/domain_pack_loader.go:159.23,160.13 1 0
github.com/aws-research-wizard/go/internal/intelligence/domain_pack_loader.go:163.4,164.49 2 0
github.com/aws-research-wizard/go/internal/intelligence/domain_pack_loader.go:164.49,165.13 1 0
github.com/aws-research-wizard/go/internal/intelligence/domain_pack_loader.go:168.4,169.18 2 0
github.com/aws-research-wizard/go/internal/intelligence/domain_pack_loader.go:169.18,170.13 1 0
github.com/aws-research-wizard/go/internal/intelligence/domain_pack_loader.go:173.4,174.35 2 0
github.com/aws-research-wizard/go/internal/intelligence/domain_pack_loader.go:178.2,178.25 1 1
github.com/aws-research-wizard/go/internal/intelligence/domain_pack_loader.go:182.86,187.16 3 1
github.com/aws-research-wizard/go/internal/intelligence/domain_pack_loader.go:187.16,189.3 1 0
github.com/aws-research-wizard/go/internal/intelligence/domain_pack_loader.go:191.2,191.38 1 1
github.com/aws-research-wizard/go/internal/intelligence/domain_pack_loader.go:191.38,192.24 1 1
github.com/aws-research-wizard/go/internal/intelligence/domain_pack_loader.go:192.24,193.12 1 0
github.com/aws-research-wizard/go/internal/intelligence/domain_pack_loader.go:197.3,198.48 2 1
github.com/aws-research-wizard/go/internal/intelligence/domain_pack_loader.go:198.48,200.4 1 0
github.com/aws-research-wizard/go/internal/intelligence/domain_pack_loader.go:203.3,205.17 3 1
github.com/aws-research-wizard/go/internal/intelligence/domain_pack_loader.go:205.17,206.12 1 0
github.com/aws-research-wizard/go/internal/intelligence/domain_pack_loader.go:209.3,209.34 1 1
github.com/aws-research-wizard/go/internal/intelligence/domain_pack_loader.go:209.34,210.23 1 0
github.com/aws-research-wizard/go/internal/intelligence/domain_pack_loader.go:210.23,211.13 1 0
github.com/aws-research-wizard/go/internal/intelligence/domain_pack_loader.go:214.4,215.49 2 0
github.com/aws-research-wizard/go/internal/intelligence/domain_pack_loader.go:215.49,216.13 1 0
github.com/aws-research-wizard/go/internal/intelligence/domain_pack_loader.go:220.4,221.18 2 0
github.com/aws-research-wizard/go/internal/intelligence/domain_pack_loader.go:221.18,222.13 1 0
github.com/aws-research-wizard/go/internal/intelligence/domain_pack_loader.go:225.4,225.33 1 0
github.com/aws-research-wizard/go/internal/intelligence/domain_pack_loader.go:225.33,227.5 1 0
github.com/aws-research-wizard/go/internal/intelligence/domain_pack_loader.go:231.2,231.64 1 1
github.com/aws-research-wizard/go/internal/intelligence/domain_pack_loader.go:235.91,237.16 2 1
github.com/aws-research-wizard/go/internal/intelligence/domain_pack_loader.go:237.16,239.3 1 1
github.com/aws-research-wizard/go/internal/intelligence/domain_pack_loader.go:241.2,242.54 2 1
github.com/aws-research-wizard/go/internal/intelligence/domain_pack_loader.go:242.54,244.3 1 1
github.com/aws-research-wizard/go/internal/intelligence/domain_pack_loader.go:246.2,246.21 1 1
github.com/aws-research-wizard/go/internal/intelligence/domain_pack_loader.go:250.96,262.38 2 1
github.com/aws-research-wizard/go/internal/intelligence/domain_pack_loader.go:262.38,269.3 1 1
github.com/aws-research-wizard/go/internal/intelligence/domain_pack_loader.go:271.2,271.13 1 1
github.com/aws-research-wizard/go/internal/intelligence/domain_pack_loader.go:275.70,277.16 2 1
github.com/aws-research-wizard/go/internal/intelligence/domain_pack_loader.go:277.16,279.3 1 0
github.com/aws-research-wizard/go/internal/intelligence/domain_pack_loader.go:281.2,282.32 2 1
github.com/aws-research-wizard/go/internal/intelligence/domain_pack_loader.go:282.32,284.3 1 0
github.com/aws-research-wizard/go/internal/intelligence/domain_pack_loader.go:286.2,286.21 1 1
github.com/aws-research-wizard/go/internal/intelligence/domain_pack_loader.go:290.74,293.2 2 1
github.com/aws-research-wizard/go/internal/intelligence/domain_pack_loader.go:296.43,298.2 1 1
github.com/aws-research-wizard/go/internal/intelligence/intelligence_engine.go:218.23,226.2 1 1
github.com/aws-research-wizard/go/internal/intelligence/intelligence_engine.go:233.39,240.16 3 1
github.com/aws-research-wizard/go/internal/intelligence/intelligence_engine.go:240.16,242.3 1 1
github.com/aws-research-wizard/go/internal/intelligence/intelligence_engine.go:245.2,246.16 2 1
github.com/aws-research-wizard/go/internal/intelligence/intelligence_engine.go:246.16,248.3 1 0
github.com/aws-research-wizard/go/internal/intelligence/intelligence_engine.go:251.2,279.28 6 1
github.com/aws-research-wizard/go/internal/intelligence/intelligence_engine.go:283.98,287.75 2 1
github.com/aws-research-wizard/go/internal/intelligence/intelligence_engine.go:287.75,288.73 1 1
github.com/aws-research-wizard/go/internal/intelligence/intelligence_engine.go:288.73,292.32 3 1
github.com/aws-research-wizard/go/internal/intelligence/intelligence_engine.go:292.32,293.56 1 1
github.com/aws-research-wizard/go/internal/intelligence/intelligence_engine.go:293.56,295.6 1 1
github.com/aws-research-wizard/go/internal/intelligence/intelligence_engine.go:298.4,298.22 1 1
github.com/aws-research-wizard/go/internal/intelligence/intelligence_engine.go:298.22,300.5 1 1
github.com/aws-research-wizard/go/internal/intelligence/intelligence_engine.go:305.2,305.32 1 1
github.com/aws-research-wizard/go/internal/intelligence/intelligence_engine.go:305.32,307.3 1 1
github.com/aws-research-wizard/go/internal/intelligence/intelligence_engine.go:310.2,310.47 1 1
github.com/aws-research-wizard/go/internal/intelligence/intelligence_engine.go:310.47,311.64 1 1
github.com/aws-research-wizard/go/internal/intelligence/intelligence_engine.go:311.64,312.80 1 1
github.com/aws-research-wizard/go/internal/intelligence/intelligence_engine.go:312.80,314.5 1 1
github.com/aws-research-wizard/go/internal/intelligence/intelligence_engine.go:319.2,319.39 1 1
github.com/aws-research-wizard/go/internal/intelligence/intelligence_engine.go:319.39,320.73 1 1
github.com/aws-research-wizard/go/internal/intelligence/intelligence_engine.go:320.73,322.82 1 1
github.com/aws-research-wizard/go/internal/intelligence/intelligence_engine.go:322.82,323.91 1 1
github.com/aws-research-wizard/go/internal/intelligence/intelligence_engine.go:323.91,325.6 1 0
github.com/aws-research-wizard/go/internal/intelligence/intelligence_engine.go:329.4,330.51 2 1
github.com/aws-research-wizard/go/internal/intelligence/intelligence_engine.go:330.51,331.40 1 1
github.com/aws-research-wizard/go/internal/intelligence/intelligence_engine.go:331.40,333.6 1 1
github.com/aws-research-wizard/go/internal/intelligence/intelligence_engine.go:339.2,342.36 3 1
github.com/aws-research-wizard/go/internal/intelligence/intelligence_engine.go:342.36,343.24 1 1
github.com/aws-research-wizard/go/internal/intelligence/intelligence_engine.go:343.24,346.4 2 1
github.com/aws-research-wizard/go/internal/intelligence/intelligence_engine.go:350.2,350.21 1 1
github.com/aws-research-wizard/go/internal/intelligence/intelligence_engine.go:350.21,351.72 1 1
github.com/aws-research-wizard/go/internal/intelligence/intelligence_engine.go:351.72,353.4 1 0
github.com/aws-research-wizard/go/internal/intelligence/intelligence_engine.go:356.2,356.30 1 1
github.com/aws-research-wizard/go/internal/intelligence/intelligence_engine.go:360.86,365.37 2 1
github.com/aws-research-wizard/go/internal/intelligence/intelligence_engine.go:365.37,367.16 2 1
github.com/aws-research-wizard/go/internal/intelligence/intelligence_engine.go:367.16,369.4 1 1
github.com/aws-research-wizard/go/internal/intelligence/intelligence_engine.go:373.2,374.35 2 1
github.com/aws-research-wizard/go/internal/intelligence/intelligence_engine.go:374.35,375.55 1 1
github.com/aws-research-wizard/go/internal/intelligence/intelligence_engine.go:375.55,377.4 1 1
github.com/aws-research-wizard/go/internal/intelligence/intelligence_engine.go:381.2,382.34 2 1
github.com/aws-research-wizard/go/internal/intelligence/intelligence_engine.go:382.34,383.55 1 1
github.com/aws-research-wizard/go/internal/intelligence/intelligence_engine.go:383.55,385.4 1 1
github.com/aws-research-wizard/go/internal/intelligence/intelligence_engine.go:388.2,388.19 1 1
github.com/aws-research-wizard/go/internal/intelligence/intelligence_engine.go:392.80,397.43 3 1
github.com/aws-research-wizard/go/internal/intelligence/intelligence_engine.go:397.43,398.43 1 1
github.com/aws-research-wizard/go/internal/intelligence/intelligence_engine.go:398.43,400.4 1 1
github.com/aws-research-wizard/go/internal/intelligence/intelligence_engine.go:404.2,405.37 2 1
github.com/aws-research-wizard/go/internal/intelligence/intelligence_engine.go:405.37,406.43 1 1
github.com/aws-research-wizard/go/internal/intelligence/intelligence_engine.go:406.43,408.4 1 1
github.com/aws-research-wizard/go/internal/intelligence/intelligence_engine.go:412.2,413.42 2 1
github.com/aws-research-wizard/go/internal/intelligence/intelligence_engine.go:413.42,414.43 1 1
github.com/aws-research-wizard/go/internal/intelligence/intelligence_engine.go:414.43,416.4 1 1
github.com/aws-research-wizard/go/internal/intelligence/intelligence_engine.go:419.2,419.11 1 1
github.com/aws-research-wizard/go/internal/intelligence/intelligence_engine.go:427.17,430.13 2 1
github.com/aws-research-wizard/go/internal/intelligence/intelligence_engine.go:430.13,433.3 1 0
github.com/aws-research-wizard/go/internal/intelligence/intelligence_engine.go:436.2,455.13 9 1
github.com/aws-research-wizard/go/internal/intelligence/intelligence_engine.go:472.84,473.20 1 1
github.com/aws-research-wizard/go/internal/intelligence/intelligence_engine.go:473.20,475.3 1 1
github.com/aws-research-wizard/go/internal/intelligence/intelligence_engine.go:477.2,479.22 2 1
github.com/aws-research-wizard/go/internal/intelligence/intelligence_engine.go:479.22,481.3 1 1
github.com/aws-research-wizard/go/internal/intelligence/intelligence_engine.go:481.8,481.30 1 1
github.com/aws-research-wizard/go/internal/intelligence/intelligence_engine.go:481.30,483.3 1 1
github.com/aws-research-wizard/go/internal/intelligence/intelligence_engine.go:483.8,483.31 1 1
github.com/aws-research-wizard/go/internal/intelligence/intelligence_engine.go:483.31,485.3 1 1
github.com/aws-research-wizard/go/internal/intelligence/intelligence_engine.go:485.8,487.3 1 1
github.com/aws-research-wizard/go/internal/intelligence/intelligence_engine.go:495.10,498.106 1 1
github.com/aws-research-wizard/go/internal/intelligence/intelligence_engine.go:498.106,499.77 1 1
github.com/aws-research-wizard/go/internal/intelligence/intelligence_engine.go:499.77,501.4 1 1
github.com/aws-research-wizard/go/internal/intelligence/intelligence_engine.go:505.2,507.22 2 1
github.com/aws-research-wizard/go/internal/intelligence/intelligence_engine.go:508.15,509.30 1 1
github.com/aws-research-wizard/go/internal/intelligence/intelligence_engine.go:510.16,511.31 1 1
github.com/aws-research-wizard/go/internal/intelligence/intelligence_engine.go:512.15,513.32 1 1
github.com/aws-research-wizard/go/internal/intelligence/intelligence_engine.go:514.17,515.32 1 1
github.com/aws-research-wizard/go/internal/intelligence/intelligence_engine.go:519.2,519.40 1 1
github.com/aws-research-wizard/go/internal/intelligence/intelligence_engine.go:519.40,521.23 1 1
github.com/aws-research-wizard/go/internal/intelligence/intelligence_engine.go:522.16,523.22 1 1
github.com/aws-research-wizard/go/internal/intelligence/intelligence_engine.go:524.17,525.23 1 1
github.com/aws-research-wizard/go/internal/intelligence/intelligence_engine.go:526.16,527.25 1 1
github.com/aws-research-wizard/go/internal/intelligence/intelligence_engine.go:531.2,531.32 1 1
github.com/aws-research-wizard/go/internal/intelligence/intelligence_engine.go:531.32,533.23 1 1
github.com/aws-research-wizard/go/internal/intelligence/intelligence_engine.go:534.16,535.24 1 0
github.com/aws-research-wizard/go/internal/intelligence/intelligence_engine.go:536.17,537.24 1 0
github.com/aws-research-wizard/go/internal/intelligence/intelligence_engine.go:538.16,539.24 1 0
github.com/aws-research-wizard/go/internal/intelligence/intelligence_engine.go:540.18,541.25 1 1
github.com/aws-research-wizard/go/internal/intelligence/intelligence_engine.go:545.2,545.21 1 1
github.com/aws-research-wizard/go/internal/intelligence/intelligence_engine.go:553.23,606.57 3 1
github.com/aws-research-wizard/go/internal/intelligence/intelligence_engine.go:606.57,608.3 1 1
github.com/aws-research-wizard/go/internal/intelligence/intelligence_engine.go:610.2,631.3 1 1
github.com/aws-research-wizard/go/internal/intelligence/intelligence_engine.go:639.21,686.2 1 1
github.com/aws-research-wizard/go/internal/intelligence/intelligence_engine.go:692.17,698.22 3 1
github.com/aws-research-wizard/go/internal/intelligence/intelligence_engine.go:699.15,700.30 1 1
github.com/aws-research-wizard/go/internal/intelligence/intelligence_engine.go:701.16,702.31 1 1
github.com/aws-research-wizard/go/internal/intelligence/intelligence_engine.go:703.15,704.31 1 1
github.com/aws-research-wizard/go/internal/intelligence/intelligence_engine.go:705.17,706.32 1 1
github.com/aws-research-wizard/go/internal/intelligence/intelligence_engine.go:709.2,731.3 1 1
github.com/aws-research-wizard/go/internal/intelligence/intelligence_engine.go:738.12,743.22 2 1
github.com/aws-research-wizard/go/internal/intelligence/intelligence_engine.go:744.15,745.66 1 0
github.com/aws-research-wizard/go/internal/intelligence/intelligence_engine.go:746.16,747.68 1 1
github.com/aws-research-wizard/go/internal/intelligence/intelligence_engine.go:748.15,749.68 1 1
github.com/aws-research-wizard/go/internal/intelligence/intelligence_engine.go:750.17,751.70 1 0
github.com/aws-research-wizard/go/internal/intelligence/intelligence_engine.go:755.2,755.40 1 1
github.com/aws-research-wizard/go/internal/intelligence/intelligence_engine.go:755.40,757.3 1 1
github.com/aws-research-wizard/go/internal/intelligence/intelligence_engine.go:759.2,759.21 1 1
github.com/aws-research-wizard/go/internal/intelligence/intelligence_engine.go:766.24,769.24 2 1
github.com/aws-research-wizard/go/internal/intelligence/intelligence_engine.go:769.24,771.29 2 1
github.com/aws-research-wizard/go/internal/intelligence/intelligence_engine.go:771.29,773.4 1 1
github.com/aws-research-wizard/go/internal/intelligence/intelligence_engine.go:776.2,781.20 4 1
github.com/aws-research-wizard/go/internal/intelligence/intelligence_engine.go:781.20,782.23 1 1
github.com/aws-research-wizard/go/internal/intelligence/intelligence_engine.go:783.19,785.20 2 1
github.com/aws-research-wizard/go/internal/intelligence/intelligence_engine.go:786.20,788.27 2 1
github.com/aws-research-wizard/go/internal/intelligence/intelligence_engine.go:789.27,791.21 2 1
github.com/aws-research-wizard/go/internal/intelligence/intelligence_engine.go:795.2,814.3 1 1
github.com/aws-research-wizard/go/internal/intelligence/intelligence_engine.go:821.24,832.58 2 1
github.com/aws-research-wizard/go/internal/intelligence/intelligence_engine.go:832.58,834.3 1 1
github.com/aws-research-wizard/go/internal/intelligence/intelligence_engine.go:836.2,836.20 1 1
github.com/aws-research-wizard/go/internal/intelligence/intelligence_engine.go:836.20,837.23 1 1
github.com/aws-research-wizard/go/internal/intelligence/intelligence_engine.go:838.38,840.32 2 1
github.com/aws-research-wizard/go/internal/intelligence/intelligence_engine.go:844.2,844.15 1 1
github.com/aws-research-wizard/go/internal/intelligence/intelligence_engine.go:850.25,860.20 2 1
github.com/aws-research-wizard/go/internal/intelligence/intelligence_engine.go:860.20,861.54 1 1
github.com/aws-research-wizard/go/internal/intelligence/intelligence_engine.go:861.54,863.4 1 1
github.com/aws-research-wizard/go/internal/intelligence/intelligence_engine.go:865.3,865.52 1 1
github.com/aws-research-wizard/go/internal/intelligence/intelligence_engine.go:865.52,867.4 1 1
github.com/aws-research-wizard/go/internal/intelligence/intelligence_engine.go:870.2,870.15 1 1
github.com/aws-research-wizard/go/internal/intelligence/intelligence_engine.go:879.10,886.32 4 1
github.com/aws-research-wizard/go/internal/intelligence/intelligence_engine.go:886.32,889.3 2 1
github.com/aws-research-wizard/go/internal/intelligence/intelligence_engine.go:891.2,891.20 1 1
github.com/aws-research-wizard/go/internal/intelligence/intelligence_engine.go:891.20,893.3 1 1
github.com/aws-research-wizard/go/internal/intelligence/intelligence_engine.go:895.2,895.36 1 1
github.com/aws-research-wizard/go/internal/intelligence/intelligence_engine.go:899.68,904.14 3 1
github.com/aws-research-wizard/go/internal/intelligence/intelligence_engine.go:904.14,906.3 1 1
github.com/aws-research-wizard/go/internal/intelligence/intelligence_engine.go:909.2,909.34 1 1
github.com/aws-research-wizard/go/internal/intelligence/intelligence_engine.go:909.34,911.3 1 1
github.com/aws-research-wizard/go/internal/intelligence/intelligence_engine.go:914.2,914.34 1 1
github.com/aws-research-wizard/go/internal/intelligence/intelligence_engine.go:914.34,915.59 1 1
github.com/aws-research-wizard/go/internal/intelligence/intelligence_engine.go:915.59,917.4 1 1
github.com/aws-research-wizard/go/internal/intelligence/intelligence_engine.go:920.2,920.14 1 1
github.com/aws-research-wizard/go/internal/intelligence/intelligence_engine.go:924.78,925.16 1 1
github.com/aws-research-wizard/go/internal/intelligence/intelligence_engine.go:926.26,927.114 1 1
github.com/aws-research-wizard/go/internal/intelligence/intelligence_engine.go:928.18,929.110 1 1
github.com/aws-research-wizard/go/internal/intelligence/intelligence_engine.go:930.17,931.101 1 1
github.com/aws-research-wizard/go/internal/intelligence/intelligence_engine.go:932.19,933.94 1 1
github.com/aws-research-wizard/go/internal/intelligence/intelligence_engine.go:934.19,935.96 1 1
github.com/aws-research-wizard/go/internal/intelligence/intelligence_engine.go:936.17,937.93 1 1
github.com/aws-research-wizard/go/internal/intelligence/intelligence_engine.go:938.10,939.20 1 1
github.com/aws-research-wizard/go/internal/intelligence/intelligence_engine.go:947.10,993.2 2 1
github.com/aws-research-wizard/go/internal/intelligence/resource_analyzer.go:63.46,70.2 3 1
github.com/aws-research-wizard/go/internal/intelligence/resource_analyzer.go:73.55,213.2 26 1
github.com/aws-research-wizard/go/internal/intelligence/resource_analyzer.go:221.24,234.20 4 1
github.com/aws-research-wizard/go/internal/intelligence/resource_analyzer.go:234.20,236.3 1 1
github.com/aws-research-wizard/go/internal/intelligence/resource_analyzer.go:239.2,245.12 4 1
github.com/aws-research-wizard/go/internal/intelligence/resource_analyzer.go:249.104,250.16 1 1
github.com/aws-research-wizard/go/internal/intelligence/resource_analyzer.go:251.18,260.95 7 1
github.com/aws-research-wizard/go/internal/intelligence/resource_analyzer.go:262.41,273.77 9 1
github.com/aws-research-wizard/go/internal/intelligence/resource_analyzer.go:275.37,284.72 7 1
github.com/aws-research-wizard/go/internal/intelligence/resource_analyzer.go:286.40,295.78 7 1
github.com/aws-research-wizard/go/internal/intelligence/resource_analyzer.go:297.19,306.77 7 1
github.com/aws-research-wizard/go/internal/intelligence/resource_analyzer.go:308.10,317.68 7 1
github.com/aws-research-wizard/go/internal/intelligence/resource_analyzer.go:322.115,323.24 1 1
github.com/aws-research-wizard/go/internal/intelligence/resource_analyzer.go:323.24,325.3 1 1
github.com/aws-research-wizard/go/internal/intelligence/resource_analyzer.go:327.2,330.53 2 1
github.com/aws-research-wizard/go/internal/intelligence/resource_analyzer.go:330.53,334.3 2 0
github.com/aws-research-wizard/go/internal/intelligence/resource_analyzer.go:337.2,337.23 1 1
github.com/aws-research-wizard/go/internal/intelligence/resource_analyzer.go:337.23,342.3 3 1
github.com/aws-research-wizard/go/internal/intelligence/resource_analyzer.go:345.2,345.36 1 1
github.com/aws-research-wizard/go/internal/intelligence/resource_analyzer.go:345.36,350.3 3 1
github.com/aws-research-wizard/go/internal/intelligence/resource_analyzer.go:353.2,353.59 1 1
github.com/aws-research-wizard/go/internal/intelligence/resource_analyzer.go:353.59,357.3 2 0
github.com/aws-research-wizard/go/internal/intelligence/resource_analyzer.go:361.124,363.75 1 1
github.com/aws-research-wizard/go/internal/intelligence/resource_analyzer.go:363.75,368.3 2 0
github.com/aws-research-wizard/go/internal/intelligence/resource_analyzer.go:371.2,371.53 1 1
github.com/aws-research-wizard/go/internal/intelligence/resource_analyzer.go:371.53,375.3 2 0
github.com/aws-research-wizard/go/internal/intelligence/resource_analyzer.go:378.2,378.51 1 1
github.com/aws-research-wizard/go/internal/intelligence/resource_analyzer.go:378.51,383.3 2 0
github.com/aws-research-wizard/go/internal/intelligence/resource_analyzer.go:387.99,389.64 1 1
github.com/aws-research-wizard/go/internal/intelligence/resource_analyzer.go:389.64,395.3 3 0
github.com/aws-research-wizard/go/internal/intelligence/resource_analyzer.go:398.2,398.46 1 1
github.com/aws-research-wizard/go/internal/intelligence/resource_analyzer.go:398.46,399.32 1 0
github.com/aws-research-wizard/go/internal/intelligence/resource_analyzer.go:400.51,404.61 3 0
github.com/aws-research-wizard/go/internal/intelligence/resource_analyzer.go:405.44,409.47 3 0
github.com/aws-research-wizard/go/internal/intelligence/resource_analyzer.go:410.24,414.58 3 0
github.com/aws-research-wizard/go/internal/intelligence/resource_analyzer.go:420.129,430.16 2 1
github.com/aws-research-wizard/go/internal/intelligence/resource_analyzer.go:431.37,435.53 4 1
github.com/aws-research-wizard/go/internal/intelligence/resource_analyzer.go:437.41,438.41 1 1
github.com/aws-research-wizard/go/internal/intelligence/resource_analyzer.go:438.41,442.4 3 0
github.com/aws-research-wizard/go/internal/intelligence/resource_analyzer.go:444.18,445.71 1 1
github.com/aws-research-wizard/go/internal/intelligence/resource_analyzer.go:445.71,447.4 1 1
github.com/aws-research-wizard/go/internal/intelligence/resource_analyzer.go:452.124,462.24 2 1
github.com/aws-research-wizard/go/internal/intelligence/resource_analyzer.go:462.24,463.60 1 1
github.com/aws-research-wizard/go/internal/intelligence/resource_analyzer.go:463.60,466.4 2 0
github.com/aws-research-wizard/go/internal/intelligence/resource_analyzer.go:468.3,468.50 1 1
github.com/aws-research-wizard/go/internal/intelligence/resource_analyzer.go:468.50,470.4 1 0
github.com/aws-research-wizard/go/internal/intelligence/resource_analyzer.go:474.2,474.16 1 1
github.com/aws-research-wizard/go/internal/intelligence/resource_analyzer.go:475.18,478.47 3 1
github.com/aws-research-wizard/go/internal/intelligence/resource_analyzer.go:480.19,482.46 2 1
github.com/aws-research-wizard/go/internal/intelligence/resource_analyzer.go:484.26,486.43 2 1
github.com/aws-research-wizard/go/internal/intelligence/resource_analyzer.go:491.84,494.51 2 1
github.com/aws-research-wizard/go/internal/intelligence/resource_analyzer.go:494.51,495.38 1 1
github.com/aws-research-wizard/go/internal/intelligence/resource_analyzer.go:495.38,497.4 1 1
github.com/aws-research-wizard/go/internal/intelligence/resource_analyzer.go:501.2,501.26 1 1
github.com/aws-research-wizard/go/internal/intelligence/resource_analyzer.go:501.26,503.3 1 1
github.com/aws-research-wizard/go/internal/intelligence/resource_analyzer.go:507.2,507.47 1 1
github.com/aws-research-wizard/go/internal/intelligence/resource_analyzer.go:511.97,512.30 1 1
github.com/aws-research-wizard/go/internal/intelligence/resource_analyzer.go:512.30,514.3 1 1
github.com/aws-research-wizard/go/internal/intelligence/resource_analyzer.go:516.2,516.37 1 1
github.com/aws-research-wizard/go/internal/intelligence/resource_analyzer.go:516.37,518.3 1 1
github.com/aws-research-wizard/go/internal/intelligence/resource_analyzer.go:520.2,520.48 1 1
github.com/aws-research-wizard/go/internal/intelligence/resource_analyzer.go:520.48,522.3 1 1
github.com/aws-research-wizard/go/internal/intelligence/resource_analyzer.go:524.2,524.13 1 1
github.com/aws-research-wizard/go/internal/intelligence/resource_analyzer.go:528.82,530.25 1 1
github.com/aws-research-wizard/go/internal/intelligence/resource_analyzer.go:530.25,532.3 1 0
github.com/aws-research-wizard/go/internal/intelligence/resource_analyzer.go:537.2,544.37 3 1
github.com/aws-research-wizard/go/internal/intelligence/resource_analyzer.go:544.37,554.67 4 1
github.com/aws-research-wizard/go/internal/intelligence/resource_analyzer.go:554.67,556.4 1 1
github.com/aws-research-wizard/go/internal/intelligence/resource_analyzer.go:558.3,558.70 1 1
github.com/aws-research-wizard/go/internal/intelligence/resource_analyzer.go:562.2,562.37 1 1
github.com/aws-research-wizard/go/internal/intelligence/resource_analyzer.go:562.37,563.40 1 1
github.com/aws-research-wizard/go/internal/intelligence/resource_analyzer.go:563.40,564.41 1 1
github.com/aws-research-wizard/go/internal/intelligence/resource_analyzer.go:564.41,566.5 1 1
github.com/aws-research-wizard/go/internal/intelligence/resource_analyzer.go:570.2,571.27 2 1
github.com/aws-research-wizard/go/internal/intelligence/resource_analyzer.go:571.27,573.3 1 1
github.com/aws-research-wizard/go/internal/intelligence/resource_analyzer.go:575.2,575.15 1 1
github.com/aws-research-wizard/go/internal/intelligence/resource_analyzer.go:579.87,582.2 2 1
