mode: set
github.com/aws-research-wizard/go/cmd/config/main.go:20.13,46.42 5 0
github.com/aws-research-wizard/go/cmd/config/main.go:46.42,48.3 1 0
github.com/aws-research-wizard/go/cmd/config/main.go:51.62,53.22 1 0
github.com/aws-research-wizard/go/cmd/config/main.go:53.22,55.3 1 0
github.com/aws-research-wizard/go/cmd/config/main.go:57.2,64.16 6 0
github.com/aws-research-wizard/go/cmd/config/main.go:64.16,66.3 1 0
github.com/aws-research-wizard/go/cmd/config/main.go:68.2,72.16 3 0
github.com/aws-research-wizard/go/cmd/config/main.go:72.16,74.3 1 0
github.com/aws-research-wizard/go/cmd/config/main.go:76.2,76.27 1 0
github.com/aws-research-wizard/go/cmd/config/main.go:76.27,79.3 2 0
github.com/aws-research-wizard/go/cmd/config/main.go:81.2,87.16 5 0
github.com/aws-research-wizard/go/cmd/config/main.go:87.16,89.3 1 0
github.com/aws-research-wizard/go/cmd/config/main.go:91.2,91.28 1 0
github.com/aws-research-wizard/go/cmd/config/main.go:91.28,94.3 2 0
github.com/aws-research-wizard/go/cmd/config/main.go:97.2,107.64 10 0
github.com/aws-research-wizard/go/cmd/config/main.go:110.41,114.48 1 0
github.com/aws-research-wizard/go/cmd/config/main.go:114.48,115.24 1 0
github.com/aws-research-wizard/go/cmd/config/main.go:115.24,117.5 1 0
github.com/aws-research-wizard/go/cmd/config/main.go:119.4,121.18 3 0
github.com/aws-research-wizard/go/cmd/config/main.go:121.18,123.5 1 0
github.com/aws-research-wizard/go/cmd/config/main.go:125.4,127.38 2 0
github.com/aws-research-wizard/go/cmd/config/main.go:127.38,132.5 4 0
github.com/aws-research-wizard/go/cmd/config/main.go:137.41,142.48 1 0
github.com/aws-research-wizard/go/cmd/config/main.go:142.48,143.24 1 0
github.com/aws-research-wizard/go/cmd/config/main.go:143.24,145.5 1 0
github.com/aws-research-wizard/go/cmd/config/main.go:147.4,150.18 4 0
github.com/aws-research-wizard/go/cmd/config/main.go:150.18,152.5 1 0
github.com/aws-research-wizard/go/cmd/config/main.go:154.4,155.15 2 0
github.com/aws-research-wizard/go/cmd/config/main.go:155.15,157.5 1 0
github.com/aws-research-wizard/go/cmd/config/main.go:159.4,165.57 5 0
github.com/aws-research-wizard/go/cmd/config/main.go:165.57,167.5 1 0
github.com/aws-research-wizard/go/cmd/config/main.go:169.4,170.58 2 0
github.com/aws-research-wizard/go/cmd/config/main.go:170.58,173.5 1 0
github.com/aws-research-wizard/go/cmd/config/main.go:175.4,178.72 4 0
github.com/aws-research-wizard/go/cmd/config/main.go:183.41,188.48 1 0
github.com/aws-research-wizard/go/cmd/config/main.go:188.48,189.24 1 0
github.com/aws-research-wizard/go/cmd/config/main.go:189.24,191.5 1 0
github.com/aws-research-wizard/go/cmd/config/main.go:193.4,196.18 4 0
github.com/aws-research-wizard/go/cmd/config/main.go:196.18,198.5 1 0
github.com/aws-research-wizard/go/cmd/config/main.go:200.4,201.15 2 0
github.com/aws-research-wizard/go/cmd/config/main.go:201.15,203.5 1 0
github.com/aws-research-wizard/go/cmd/config/main.go:205.4,208.18 3 0
github.com/aws-research-wizard/go/cmd/config/main.go:208.18,210.5 1 0
github.com/aws-research-wizard/go/cmd/config/main.go:215.30,218.16 2 0
github.com/aws-research-wizard/go/cmd/config/main.go:218.16,220.3 1 0
github.com/aws-research-wizard/go/cmd/config/main.go:222.2,222.6 1 0
github.com/aws-research-wizard/go/cmd/config/main.go:222.6,224.49 2 0
github.com/aws-research-wizard/go/cmd/config/main.go:224.49,226.4 1 0
github.com/aws-research-wizard/go/cmd/config/main.go:228.3,229.27 2 0
github.com/aws-research-wizard/go/cmd/config/main.go:229.27,230.9 1 0
github.com/aws-research-wizard/go/cmd/config/main.go:232.3,232.22 1 0
github.com/aws-research-wizard/go/cmd/config/main.go:235.2,236.11 2 0
github.com/aws-research-wizard/go/cmd/main.go:22.13,63.48 6 0
github.com/aws-research-wizard/go/cmd/main.go:63.48,68.4 4 0
github.com/aws-research-wizard/go/cmd/main.go:72.2,72.42 1 0
github.com/aws-research-wizard/go/cmd/main.go:72.42,74.3 1 0
github.com/aws-research-wizard/go/cmd/main.go:77.28,80.2 1 0
github.com/aws-research-wizard/go/cmd/main.go:82.13,84.54 1 0
github.com/aws-research-wizard/go/cmd/main.go:84.54,86.3 1 0
github.com/aws-research-wizard/go/cmd/deploy/main.go:27.13,61.42 10 0
github.com/aws-research-wizard/go/cmd/deploy/main.go:61.42,63.3 1 0
github.com/aws-research-wizard/go/cmd/deploy/main.go:66.62,70.22 2 0
github.com/aws-research-wizard/go/cmd/deploy/main.go:70.22,72.3 1 0
github.com/aws-research-wizard/go/cmd/deploy/main.go:74.2,80.16 5 0
github.com/aws-research-wizard/go/cmd/deploy/main.go:80.16,82.3 1 0
github.com/aws-research-wizard/go/cmd/deploy/main.go:85.2,85.59 1 0
github.com/aws-research-wizard/go/cmd/deploy/main.go:85.59,87.3 1 0
github.com/aws-research-wizard/go/cmd/deploy/main.go:89.2,92.22 2 0
github.com/aws-research-wizard/go/cmd/deploy/main.go:92.22,93.54 1 0
github.com/aws-research-wizard/go/cmd/deploy/main.go:93.54,95.4 1 0
github.com/aws-research-wizard/go/cmd/deploy/main.go:96.8,101.3 4 0
github.com/aws-research-wizard/go/cmd/deploy/main.go:104.69,108.16 3 0
github.com/aws-research-wizard/go/cmd/deploy/main.go:108.16,110.3 1 0
github.com/aws-research-wizard/go/cmd/deploy/main.go:112.2,113.13 2 0
github.com/aws-research-wizard/go/cmd/deploy/main.go:113.13,115.3 1 0
github.com/aws-research-wizard/go/cmd/deploy/main.go:117.2,122.28 4 0
github.com/aws-research-wizard/go/cmd/deploy/main.go:122.28,124.57 1 0
github.com/aws-research-wizard/go/cmd/deploy/main.go:124.57,126.9 2 0
github.com/aws-research-wizard/go/cmd/deploy/main.go:130.2,130.28 1 0
github.com/aws-research-wizard/go/cmd/deploy/main.go:130.28,132.3 1 0
github.com/aws-research-wizard/go/cmd/deploy/main.go:134.2,137.21 2 0
github.com/aws-research-wizard/go/cmd/deploy/main.go:137.21,139.3 1 0
github.com/aws-research-wizard/go/cmd/deploy/main.go:141.2,143.12 2 0
github.com/aws-research-wizard/go/cmd/deploy/main.go:143.12,152.3 8 0
github.com/aws-research-wizard/go/cmd/deploy/main.go:155.2,159.16 3 0
github.com/aws-research-wizard/go/cmd/deploy/main.go:159.16,161.3 1 0
github.com/aws-research-wizard/go/cmd/deploy/main.go:164.2,174.16 4 0
github.com/aws-research-wizard/go/cmd/deploy/main.go:174.16,176.3 1 0
github.com/aws-research-wizard/go/cmd/deploy/main.go:178.2,183.16 4 0
github.com/aws-research-wizard/go/cmd/deploy/main.go:183.16,185.3 1 0
github.com/aws-research-wizard/go/cmd/deploy/main.go:187.2,193.37 6 0
github.com/aws-research-wizard/go/cmd/deploy/main.go:193.37,195.50 2 0
github.com/aws-research-wizard/go/cmd/deploy/main.go:195.50,197.4 1 0
github.com/aws-research-wizard/go/cmd/deploy/main.go:200.2,205.12 5 0
github.com/aws-research-wizard/go/cmd/deploy/main.go:208.101,314.2 2 0
github.com/aws-research-wizard/go/cmd/deploy/main.go:316.43,320.48 1 0
github.com/aws-research-wizard/go/cmd/deploy/main.go:320.48,321.24 1 0
github.com/aws-research-wizard/go/cmd/deploy/main.go:321.24,323.5 1 0
github.com/aws-research-wizard/go/cmd/deploy/main.go:325.4,326.24 2 0
github.com/aws-research-wizard/go/cmd/deploy/main.go:326.24,328.5 1 0
github.com/aws-research-wizard/go/cmd/deploy/main.go:330.4,331.18 2 0
github.com/aws-research-wizard/go/cmd/deploy/main.go:331.18,333.5 1 0
github.com/aws-research-wizard/go/cmd/deploy/main.go:335.4,335.55 1 0
github.com/aws-research-wizard/go/cmd/deploy/main.go:335.55,337.5 1 0
github.com/aws-research-wizard/go/cmd/deploy/main.go:342.43,346.48 1 0
github.com/aws-research-wizard/go/cmd/deploy/main.go:346.48,347.23 1 0
github.com/aws-research-wizard/go/cmd/deploy/main.go:347.23,349.5 1 0
github.com/aws-research-wizard/go/cmd/deploy/main.go:351.4,353.18 3 0
github.com/aws-research-wizard/go/cmd/deploy/main.go:353.18,355.5 1 0
github.com/aws-research-wizard/go/cmd/deploy/main.go:357.4,360.18 3 0
github.com/aws-research-wizard/go/cmd/deploy/main.go:360.18,362.5 1 0
github.com/aws-research-wizard/go/cmd/deploy/main.go:364.4,368.36 4 0
github.com/aws-research-wizard/go/cmd/deploy/main.go:368.36,370.5 1 0
github.com/aws-research-wizard/go/cmd/deploy/main.go:372.4,372.34 1 0
github.com/aws-research-wizard/go/cmd/deploy/main.go:372.34,374.47 2 0
github.com/aws-research-wizard/go/cmd/deploy/main.go:374.47,376.6 1 0
github.com/aws-research-wizard/go/cmd/deploy/main.go:382.43,386.48 1 0
github.com/aws-research-wizard/go/cmd/deploy/main.go:386.48,387.23 1 0
github.com/aws-research-wizard/go/cmd/deploy/main.go:387.23,389.5 1 0
github.com/aws-research-wizard/go/cmd/deploy/main.go:391.4,393.18 3 0
github.com/aws-research-wizard/go/cmd/deploy/main.go:393.18,395.5 1 0
github.com/aws-research-wizard/go/cmd/deploy/main.go:397.4,405.42 6 0
github.com/aws-research-wizard/go/cmd/deploy/main.go:405.42,408.5 2 0
github.com/aws-research-wizard/go/cmd/deploy/main.go:410.4,410.67 1 0
github.com/aws-research-wizard/go/cmd/deploy/main.go:410.67,412.5 1 0
github.com/aws-research-wizard/go/cmd/deploy/main.go:414.4,414.133 1 0
github.com/aws-research-wizard/go/cmd/deploy/main.go:419.41,423.48 1 0
github.com/aws-research-wizard/go/cmd/deploy/main.go:423.48,426.18 3 0
github.com/aws-research-wizard/go/cmd/deploy/main.go:426.18,428.5 1 0
github.com/aws-research-wizard/go/cmd/deploy/main.go:430.4,439.18 4 0
github.com/aws-research-wizard/go/cmd/deploy/main.go:439.18,441.5 1 0
github.com/aws-research-wizard/go/cmd/deploy/main.go:443.4,445.39 2 0
github.com/aws-research-wizard/go/cmd/deploy/main.go:445.39,447.21 2 0
github.com/aws-research-wizard/go/cmd/deploy/main.go:447.21,449.6 1 0
github.com/aws-research-wizard/go/cmd/deploy/main.go:451.5,457.21 7 0
github.com/aws-research-wizard/go/cmd/deploy/main.go:463.45,467.48 1 0
github.com/aws-research-wizard/go/cmd/deploy/main.go:467.48,470.24 2 0
github.com/aws-research-wizard/go/cmd/deploy/main.go:470.24,472.5 1 0
github.com/aws-research-wizard/go/cmd/deploy/main.go:474.4,478.18 3 0
github.com/aws-research-wizard/go/cmd/deploy/main.go:478.18,480.5 1 0
github.com/aws-research-wizard/go/cmd/deploy/main.go:482.4,482.61 1 0
github.com/aws-research-wizard/go/cmd/deploy/main.go:482.61,484.5 1 0
github.com/aws-research-wizard/go/cmd/deploy/main.go:486.4,489.24 2 0
github.com/aws-research-wizard/go/cmd/deploy/main.go:489.24,492.19 3 0
github.com/aws-research-wizard/go/cmd/deploy/main.go:492.19,494.6 1 0
github.com/aws-research-wizard/go/cmd/deploy/main.go:496.5,496.50 1 0
github.com/aws-research-wizard/go/cmd/deploy/main.go:496.50,498.6 1 0
github.com/aws-research-wizard/go/cmd/deploy/main.go:500.5,500.67 1 0
github.com/aws-research-wizard/go/cmd/deploy/main.go:504.4,505.18 2 0
github.com/aws-research-wizard/go/cmd/deploy/main.go:505.18,507.5 1 0
github.com/aws-research-wizard/go/cmd/deploy/main.go:509.4,511.50 2 0
github.com/aws-research-wizard/go/cmd/deploy/main.go:516.30,519.16 2 0
github.com/aws-research-wizard/go/cmd/deploy/main.go:519.16,521.3 1 0
github.com/aws-research-wizard/go/cmd/deploy/main.go:523.2,523.6 1 0
github.com/aws-research-wizard/go/cmd/deploy/main.go:523.6,525.49 2 0
github.com/aws-research-wizard/go/cmd/deploy/main.go:525.49,527.4 1 0
github.com/aws-research-wizard/go/cmd/deploy/main.go:529.3,530.27 2 0
github.com/aws-research-wizard/go/cmd/deploy/main.go:530.27,531.9 1 0
github.com/aws-research-wizard/go/cmd/deploy/main.go:533.3,533.22 1 0
github.com/aws-research-wizard/go/cmd/deploy/main.go:536.2,537.11 2 0
github.com/aws-research-wizard/go/internal/aws/client.go:30.69,34.16 2 0
github.com/aws-research-wizard/go/internal/aws/client.go:34.16,36.3 1 0
github.com/aws-research-wizard/go/internal/aws/client.go:38.2,47.8 1 0
github.com/aws-research-wizard/go/internal/aws/client.go:51.65,53.16 2 0
github.com/aws-research-wizard/go/internal/aws/client.go:53.16,55.3 1 0
github.com/aws-research-wizard/go/internal/aws/client.go:56.2,56.12 1 0
github.com/aws-research-wizard/go/internal/aws/client.go:60.68,62.16 2 0
github.com/aws-research-wizard/go/internal/aws/client.go:62.16,64.3 1 0
github.com/aws-research-wizard/go/internal/aws/client.go:67.2,71.27 4 0
github.com/aws-research-wizard/go/internal/aws/client.go:71.27,72.18 1 0
github.com/aws-research-wizard/go/internal/aws/client.go:72.18,75.4 2 0
github.com/aws-research-wizard/go/internal/aws/client.go:77.2,77.22 1 0
github.com/aws-research-wizard/go/internal/aws/client.go:77.22,79.3 1 0
github.com/aws-research-wizard/go/internal/aws/client.go:81.2,81.21 1 0
github.com/aws-research-wizard/go/internal/aws/client.go:81.21,83.3 1 0
github.com/aws-research-wizard/go/internal/aws/client.go:85.2,85.71 1 0
github.com/aws-research-wizard/go/internal/aws/client.go:89.78,91.16 2 0
github.com/aws-research-wizard/go/internal/aws/client.go:91.16,93.3 1 0
github.com/aws-research-wizard/go/internal/aws/client.go:95.2,96.48 2 0
github.com/aws-research-wizard/go/internal/aws/client.go:96.48,98.3 1 0
github.com/aws-research-wizard/go/internal/aws/client.go:100.2,100.19 1 0
github.com/aws-research-wizard/go/internal/aws/infrastructure.go:21.70,25.2 1 0
github.com/aws-research-wizard/go/internal/aws/infrastructure.go:54.156,57.37 2 0
github.com/aws-research-wizard/go/internal/aws/infrastructure.go:57.37,62.3 1 0
github.com/aws-research-wizard/go/internal/aws/infrastructure.go:64.2,85.16 3 0
github.com/aws-research-wizard/go/internal/aws/infrastructure.go:85.16,87.3 1 0
github.com/aws-research-wizard/go/internal/aws/infrastructure.go:89.2,93.8 1 0
github.com/aws-research-wizard/go/internal/aws/infrastructure.go:97.106,103.16 3 0
github.com/aws-research-wizard/go/internal/aws/infrastructure.go:103.16,105.3 1 0
github.com/aws-research-wizard/go/internal/aws/infrastructure.go:107.2,107.29 1 0
github.com/aws-research-wizard/go/internal/aws/infrastructure.go:107.29,109.3 1 0
github.com/aws-research-wizard/go/internal/aws/infrastructure.go:111.2,115.39 3 0
github.com/aws-research-wizard/go/internal/aws/infrastructure.go:115.39,116.59 1 0
github.com/aws-research-wizard/go/internal/aws/infrastructure.go:116.59,118.4 1 0
github.com/aws-research-wizard/go/internal/aws/infrastructure.go:122.2,123.41 2 0
github.com/aws-research-wizard/go/internal/aws/infrastructure.go:123.41,124.63 1 0
github.com/aws-research-wizard/go/internal/aws/infrastructure.go:124.63,126.4 1 0
github.com/aws-research-wizard/go/internal/aws/infrastructure.go:129.2,138.34 2 0
github.com/aws-research-wizard/go/internal/aws/infrastructure.go:138.34,140.3 1 0
github.com/aws-research-wizard/go/internal/aws/infrastructure.go:142.2,142.23 1 0
github.com/aws-research-wizard/go/internal/aws/infrastructure.go:146.91,152.16 3 0
github.com/aws-research-wizard/go/internal/aws/infrastructure.go:152.16,154.3 1 0
github.com/aws-research-wizard/go/internal/aws/infrastructure.go:156.2,156.12 1 0
github.com/aws-research-wizard/go/internal/aws/infrastructure.go:160.137,167.6 5 0
github.com/aws-research-wizard/go/internal/aws/infrastructure.go:167.6,168.10 1 0
github.com/aws-research-wizard/go/internal/aws/infrastructure.go:169.21,170.77 1 0
github.com/aws-research-wizard/go/internal/aws/infrastructure.go:171.19,173.18 2 0
github.com/aws-research-wizard/go/internal/aws/infrastructure.go:173.18,175.5 1 0
github.com/aws-research-wizard/go/internal/aws/infrastructure.go:177.4,177.28 1 0
github.com/aws-research-wizard/go/internal/aws/infrastructure.go:178.89,179.26 1 0
github.com/aws-research-wizard/go/internal/aws/infrastructure.go:180.83,181.93 1 0
github.com/aws-research-wizard/go/internal/aws/infrastructure.go:200.122,203.36 2 0
github.com/aws-research-wizard/go/internal/aws/infrastructure.go:203.36,208.3 1 0
github.com/aws-research-wizard/go/internal/aws/infrastructure.go:210.2,215.16 3 0
github.com/aws-research-wizard/go/internal/aws/infrastructure.go:215.16,217.3 1 0
github.com/aws-research-wizard/go/internal/aws/infrastructure.go:219.2,220.50 2 0
github.com/aws-research-wizard/go/internal/aws/infrastructure.go:220.50,221.50 1 0
github.com/aws-research-wizard/go/internal/aws/infrastructure.go:221.50,224.38 2 0
github.com/aws-research-wizard/go/internal/aws/infrastructure.go:224.38,225.43 1 0
github.com/aws-research-wizard/go/internal/aws/infrastructure.go:225.43,227.6 1 0
github.com/aws-research-wizard/go/internal/aws/infrastructure.go:230.4,239.39 2 0
github.com/aws-research-wizard/go/internal/aws/infrastructure.go:239.39,241.5 1 0
github.com/aws-research-wizard/go/internal/aws/infrastructure.go:243.4,243.40 1 0
github.com/aws-research-wizard/go/internal/aws/infrastructure.go:243.40,245.5 1 0
github.com/aws-research-wizard/go/internal/aws/infrastructure.go:247.4,247.47 1 0
github.com/aws-research-wizard/go/internal/aws/infrastructure.go:251.2,251.23 1 0
github.com/aws-research-wizard/go/internal/aws/infrastructure.go:255.98,261.16 3 0
github.com/aws-research-wizard/go/internal/aws/infrastructure.go:261.16,263.3 1 0
github.com/aws-research-wizard/go/internal/aws/infrastructure.go:265.2,265.12 1 0
github.com/aws-research-wizard/go/internal/aws/infrastructure.go:269.129,277.16 3 0
github.com/aws-research-wizard/go/internal/aws/infrastructure.go:277.16,279.3 1 0
github.com/aws-research-wizard/go/internal/aws/infrastructure.go:281.2,281.29 1 0
github.com/aws-research-wizard/go/internal/aws/infrastructure.go:285.85,296.16 3 0
github.com/aws-research-wizard/go/internal/aws/infrastructure.go:296.16,298.3 1 0
github.com/aws-research-wizard/go/internal/aws/infrastructure.go:300.2,300.27 1 0
github.com/aws-research-wizard/go/internal/aws/infrastructure.go:300.27,302.3 1 0
github.com/aws-research-wizard/go/internal/aws/infrastructure.go:304.2,304.35 1 0
github.com/aws-research-wizard/go/internal/aws/monitoring.go:21.62,25.2 1 0
github.com/aws-research-wizard/go/internal/aws/monitoring.go:46.145,66.38 3 0
github.com/aws-research-wizard/go/internal/aws/monitoring.go:66.38,68.17 2 0
github.com/aws-research-wizard/go/internal/aws/monitoring.go:68.17,70.4 1 0
github.com/aws-research-wizard/go/internal/aws/monitoring.go:72.3,72.29 1 0
github.com/aws-research-wizard/go/internal/aws/monitoring.go:75.2,75.21 1 0
github.com/aws-research-wizard/go/internal/aws/monitoring.go:79.186,96.16 3 0
github.com/aws-research-wizard/go/internal/aws/monitoring.go:96.16,98.3 1 0
github.com/aws-research-wizard/go/internal/aws/monitoring.go:100.2,101.39 2 0
github.com/aws-research-wizard/go/internal/aws/monitoring.go:101.39,103.20 2 0
github.com/aws-research-wizard/go/internal/aws/monitoring.go:104.31,105.25 1 0
github.com/aws-research-wizard/go/internal/aws/monitoring.go:105.25,107.5 1 0
github.com/aws-research-wizard/go/internal/aws/monitoring.go:108.27,109.21 1 0
github.com/aws-research-wizard/go/internal/aws/monitoring.go:109.21,111.5 1 0
github.com/aws-research-wizard/go/internal/aws/monitoring.go:112.31,113.25 1 0
github.com/aws-research-wizard/go/internal/aws/monitoring.go:113.25,115.5 1 0
github.com/aws-research-wizard/go/internal/aws/monitoring.go:116.31,117.25 1 0
github.com/aws-research-wizard/go/internal/aws/monitoring.go:117.25,119.5 1 0
github.com/aws-research-wizard/go/internal/aws/monitoring.go:122.3,128.45 2 0
github.com/aws-research-wizard/go/internal/aws/monitoring.go:131.2,131.24 1 0
github.com/aws-research-wizard/go/internal/aws/monitoring.go:145.128,148.32 2 0
github.com/aws-research-wizard/go/internal/aws/monitoring.go:148.32,153.3 1 0
github.com/aws-research-wizard/go/internal/aws/monitoring.go:155.2,166.16 3 0
github.com/aws-research-wizard/go/internal/aws/monitoring.go:166.16,168.3 1 0
github.com/aws-research-wizard/go/internal/aws/monitoring.go:170.2,171.51 2 0
github.com/aws-research-wizard/go/internal/aws/monitoring.go:171.51,172.44 1 0
github.com/aws-research-wizard/go/internal/aws/monitoring.go:172.44,174.27 2 0
github.com/aws-research-wizard/go/internal/aws/monitoring.go:174.27,176.5 1 0
github.com/aws-research-wizard/go/internal/aws/monitoring.go:178.4,178.28 1 0
github.com/aws-research-wizard/go/internal/aws/monitoring.go:178.28,179.97 1 0
github.com/aws-research-wizard/go/internal/aws/monitoring.go:179.97,192.33 4 0
github.com/aws-research-wizard/go/internal/aws/monitoring.go:192.33,194.7 1 0
github.com/aws-research-wizard/go/internal/aws/monitoring.go:196.6,196.44 1 0
github.com/aws-research-wizard/go/internal/aws/monitoring.go:202.2,202.22 1 0
github.com/aws-research-wizard/go/internal/aws/monitoring.go:220.182,241.16 3 0
github.com/aws-research-wizard/go/internal/aws/monitoring.go:241.16,243.3 1 0
github.com/aws-research-wizard/go/internal/aws/monitoring.go:245.2,245.12 1 0
github.com/aws-research-wizard/go/internal/aws/monitoring.go:249.107,252.27 2 0
github.com/aws-research-wizard/go/internal/aws/monitoring.go:252.27,254.3 1 0
github.com/aws-research-wizard/go/internal/aws/monitoring.go:256.2,257.16 2 0
github.com/aws-research-wizard/go/internal/aws/monitoring.go:257.16,259.3 1 0
github.com/aws-research-wizard/go/internal/aws/monitoring.go:261.2,262.44 2 0
github.com/aws-research-wizard/go/internal/aws/monitoring.go:262.44,274.36 2 0
github.com/aws-research-wizard/go/internal/aws/monitoring.go:274.36,276.4 1 0
github.com/aws-research-wizard/go/internal/aws/monitoring.go:278.3,278.31 1 0
github.com/aws-research-wizard/go/internal/aws/monitoring.go:278.31,280.4 1 0
github.com/aws-research-wizard/go/internal/aws/monitoring.go:282.3,282.37 1 0
github.com/aws-research-wizard/go/internal/aws/monitoring.go:285.2,285.20 1 0
github.com/aws-research-wizard/go/internal/aws/monitoring.go:289.87,295.16 3 0
github.com/aws-research-wizard/go/internal/aws/monitoring.go:295.16,297.3 1 0
github.com/aws-research-wizard/go/internal/aws/monitoring.go:299.2,299.12 1 0
github.com/aws-research-wizard/go/internal/aws/pricing.go:33.70,37.16 2 0
github.com/aws-research-wizard/go/internal/aws/pricing.go:37.16,39.3 1 0
github.com/aws-research-wizard/go/internal/aws/pricing.go:41.2,44.8 1 0
github.com/aws-research-wizard/go/internal/aws/pricing.go:48.102,52.16 3 0
github.com/aws-research-wizard/go/internal/aws/pricing.go:52.16,54.3 1 0
github.com/aws-research-wizard/go/internal/aws/pricing.go:56.2,56.34 1 0
github.com/aws-research-wizard/go/internal/aws/pricing.go:60.88,105.13 3 0
github.com/aws-research-wizard/go/internal/aws/pricing.go:105.13,108.3 1 0
github.com/aws-research-wizard/go/internal/aws/pricing.go:111.2,130.8 6 0
github.com/aws-research-wizard/go/internal/aws/pricing.go:134.88,137.21 2 0
github.com/aws-research-wizard/go/internal/aws/pricing.go:137.21,139.3 1 0
github.com/aws-research-wizard/go/internal/aws/pricing.go:141.2,175.21 6 0
github.com/aws-research-wizard/go/internal/aws/pricing.go:175.21,177.3 1 0
github.com/aws-research-wizard/go/internal/aws/pricing.go:179.2,180.25 2 0
github.com/aws-research-wizard/go/internal/aws/pricing.go:180.25,182.3 1 0
github.com/aws-research-wizard/go/internal/aws/pricing.go:184.2,184.36 1 0
github.com/aws-research-wizard/go/internal/aws/pricing.go:188.86,223.49 2 0
github.com/aws-research-wizard/go/internal/aws/pricing.go:223.49,225.3 1 0
github.com/aws-research-wizard/go/internal/aws/pricing.go:228.2,229.21 2 0
github.com/aws-research-wizard/go/internal/aws/pricing.go:229.21,232.15 2 0
github.com/aws-research-wizard/go/internal/aws/pricing.go:233.16,234.21 1 0
github.com/aws-research-wizard/go/internal/aws/pricing.go:235.16,236.21 1 0
github.com/aws-research-wizard/go/internal/aws/pricing.go:237.17,238.21 1 0
github.com/aws-research-wizard/go/internal/aws/pricing.go:239.16,240.21 1 0
github.com/aws-research-wizard/go/internal/aws/pricing.go:241.17,242.22 1 0
github.com/aws-research-wizard/go/internal/aws/pricing.go:243.18,244.22 1 0
github.com/aws-research-wizard/go/internal/aws/pricing.go:245.18,246.23 1 0
github.com/aws-research-wizard/go/internal/aws/pricing.go:247.18,248.24 1 0
github.com/aws-research-wizard/go/internal/aws/pricing.go:249.11,251.40 1 0
github.com/aws-research-wizard/go/internal/aws/pricing.go:251.40,253.67 2 0
github.com/aws-research-wizard/go/internal/aws/pricing.go:253.67,256.29 2 0
github.com/aws-research-wizard/go/internal/aws/pricing.go:256.29,258.7 1 0
github.com/aws-research-wizard/go/internal/aws/pricing.go:259.6,259.64 1 0
github.com/aws-research-wizard/go/internal/aws/pricing.go:265.2,265.19 1 0
github.com/aws-research-wizard/go/cmd/monitor/main.go:28.13,62.42 11 0
github.com/aws-research-wizard/go/cmd/monitor/main.go:62.42,64.3 1 0
github.com/aws-research-wizard/go/cmd/monitor/main.go:67.63,75.16 5 0
github.com/aws-research-wizard/go/cmd/monitor/main.go:75.16,77.3 1 0
github.com/aws-research-wizard/go/cmd/monitor/main.go:80.2,80.59 1 0
github.com/aws-research-wizard/go/cmd/monitor/main.go:80.59,82.3 1 0
github.com/aws-research-wizard/go/cmd/monitor/main.go:85.2,103.43 5 0
github.com/aws-research-wizard/go/cmd/monitor/main.go:103.43,105.3 1 0
github.com/aws-research-wizard/go/cmd/monitor/main.go:108.46,112.48 1 0
github.com/aws-research-wizard/go/cmd/monitor/main.go:112.48,114.4 1 0
github.com/aws-research-wizard/go/cmd/monitor/main.go:118.41,122.48 1 0
github.com/aws-research-wizard/go/cmd/monitor/main.go:122.48,126.18 3 0
github.com/aws-research-wizard/go/cmd/monitor/main.go:126.18,128.5 1 0
github.com/aws-research-wizard/go/cmd/monitor/main.go:130.4,137.18 5 0
github.com/aws-research-wizard/go/cmd/monitor/main.go:137.18,139.5 1 0
github.com/aws-research-wizard/go/cmd/monitor/main.go:141.4,144.23 3 0
github.com/aws-research-wizard/go/cmd/monitor/main.go:144.23,147.5 2 0
github.com/aws-research-wizard/go/cmd/monitor/main.go:150.4,153.31 3 0
github.com/aws-research-wizard/go/cmd/monitor/main.go:153.31,156.5 2 0
github.com/aws-research-wizard/go/cmd/monitor/main.go:158.4,159.46 2 0
github.com/aws-research-wizard/go/cmd/monitor/main.go:159.46,162.5 2 0
github.com/aws-research-wizard/go/cmd/monitor/main.go:164.4,166.56 3 0
github.com/aws-research-wizard/go/cmd/monitor/main.go:171.43,175.48 1 0
github.com/aws-research-wizard/go/cmd/monitor/main.go:175.48,179.18 3 0
github.com/aws-research-wizard/go/cmd/monitor/main.go:179.18,181.5 1 0
github.com/aws-research-wizard/go/cmd/monitor/main.go:183.4,186.18 3 0
github.com/aws-research-wizard/go/cmd/monitor/main.go:186.18,188.5 1 0
github.com/aws-research-wizard/go/cmd/monitor/main.go:190.4,192.24 2 0
github.com/aws-research-wizard/go/cmd/monitor/main.go:192.24,195.5 2 0
github.com/aws-research-wizard/go/cmd/monitor/main.go:197.4,197.33 1 0
github.com/aws-research-wizard/go/cmd/monitor/main.go:197.33,199.31 2 0
github.com/aws-research-wizard/go/cmd/monitor/main.go:199.31,201.6 1 0
github.com/aws-research-wizard/go/cmd/monitor/main.go:201.11,201.50 1 0
github.com/aws-research-wizard/go/cmd/monitor/main.go:201.50,203.6 1 0
github.com/aws-research-wizard/go/cmd/monitor/main.go:205.5,209.32 5 0
github.com/aws-research-wizard/go/cmd/monitor/main.go:209.32,211.6 1 0
github.com/aws-research-wizard/go/cmd/monitor/main.go:212.5,212.21 1 0
github.com/aws-research-wizard/go/cmd/monitor/main.go:218.46,222.48 1 0
github.com/aws-research-wizard/go/cmd/monitor/main.go:222.48,226.18 3 0
github.com/aws-research-wizard/go/cmd/monitor/main.go:226.18,228.5 1 0
github.com/aws-research-wizard/go/cmd/monitor/main.go:230.4,234.24 3 0
github.com/aws-research-wizard/go/cmd/monitor/main.go:234.24,236.5 1 0
github.com/aws-research-wizard/go/cmd/monitor/main.go:238.4,239.18 2 0
github.com/aws-research-wizard/go/cmd/monitor/main.go:239.18,241.5 1 0
github.com/aws-research-wizard/go/cmd/monitor/main.go:243.4,245.27 2 0
github.com/aws-research-wizard/go/cmd/monitor/main.go:245.27,248.5 2 0
github.com/aws-research-wizard/go/cmd/monitor/main.go:250.4,250.39 1 0
github.com/aws-research-wizard/go/cmd/monitor/main.go:250.39,252.36 2 0
github.com/aws-research-wizard/go/cmd/monitor/main.go:252.36,254.6 1 0
github.com/aws-research-wizard/go/cmd/monitor/main.go:254.11,254.75 1 0
github.com/aws-research-wizard/go/cmd/monitor/main.go:254.75,256.6 1 0
github.com/aws-research-wizard/go/cmd/monitor/main.go:258.5,266.31 7 0
github.com/aws-research-wizard/go/cmd/monitor/main.go:266.31,269.44 3 0
github.com/aws-research-wizard/go/cmd/monitor/main.go:269.44,270.17 1 0
github.com/aws-research-wizard/go/cmd/monitor/main.go:270.17,272.8 1 0
github.com/aws-research-wizard/go/cmd/monitor/main.go:273.7,274.20 2 0
github.com/aws-research-wizard/go/cmd/monitor/main.go:276.6,276.22 1 0
github.com/aws-research-wizard/go/cmd/monitor/main.go:278.5,278.21 1 0
github.com/aws-research-wizard/go/cmd/monitor/main.go:284.43,288.48 1 0
github.com/aws-research-wizard/go/cmd/monitor/main.go:288.48,292.18 3 0
github.com/aws-research-wizard/go/cmd/monitor/main.go:292.18,294.5 1 0
github.com/aws-research-wizard/go/cmd/monitor/main.go:296.4,298.23 2 0
github.com/aws-research-wizard/go/cmd/monitor/main.go:298.23,301.19 2 0
github.com/aws-research-wizard/go/cmd/monitor/main.go:301.19,303.6 1 0
github.com/aws-research-wizard/go/cmd/monitor/main.go:305.5,309.37 4 0
github.com/aws-research-wizard/go/cmd/monitor/main.go:309.37,311.6 1 0
github.com/aws-research-wizard/go/cmd/monitor/main.go:313.5,313.35 1 0
github.com/aws-research-wizard/go/cmd/monitor/main.go:313.35,315.48 2 0
github.com/aws-research-wizard/go/cmd/monitor/main.go:315.48,317.7 1 0
github.com/aws-research-wizard/go/cmd/monitor/main.go:320.5,320.38 1 0
github.com/aws-research-wizard/go/cmd/monitor/main.go:320.38,322.51 2 0
github.com/aws-research-wizard/go/cmd/monitor/main.go:322.51,324.7 1 0
github.com/aws-research-wizard/go/cmd/monitor/main.go:326.10,330.5 3 0
github.com/aws-research-wizard/go/cmd/monitor/main.go:335.30,338.16 2 0
github.com/aws-research-wizard/go/cmd/monitor/main.go:338.16,340.3 1 0
github.com/aws-research-wizard/go/cmd/monitor/main.go:342.2,342.6 1 0
github.com/aws-research-wizard/go/cmd/monitor/main.go:342.6,344.49 2 0
github.com/aws-research-wizard/go/cmd/monitor/main.go:344.49,346.4 1 0
github.com/aws-research-wizard/go/cmd/monitor/main.go:348.3,349.27 2 0
github.com/aws-research-wizard/go/cmd/monitor/main.go:349.27,350.9 1 0
github.com/aws-research-wizard/go/cmd/monitor/main.go:352.3,352.22 1 0
github.com/aws-research-wizard/go/cmd/monitor/main.go:355.2,356.11 2 0
github.com/aws-research-wizard/go/internal/commands/deploy/deploy.go:18.40,38.48 7 0
github.com/aws-research-wizard/go/internal/commands/deploy/deploy.go:38.48,40.4 1 0
github.com/aws-research-wizard/go/internal/commands/deploy/deploy.go:44.2,60.18 8 0
github.com/aws-research-wizard/go/internal/commands/deploy/deploy.go:63.139,67.22 2 0
github.com/aws-research-wizard/go/internal/commands/deploy/deploy.go:67.22,69.3 1 0
github.com/aws-research-wizard/go/internal/commands/deploy/deploy.go:71.2,79.16 6 0
github.com/aws-research-wizard/go/internal/commands/deploy/deploy.go:79.16,81.3 1 0
github.com/aws-research-wizard/go/internal/commands/deploy/deploy.go:84.2,84.59 1 0
github.com/aws-research-wizard/go/internal/commands/deploy/deploy.go:84.59,86.3 1 0
github.com/aws-research-wizard/go/internal/commands/deploy/deploy.go:88.2,91.22 2 0
github.com/aws-research-wizard/go/internal/commands/deploy/deploy.go:91.22,92.120 1 0
github.com/aws-research-wizard/go/internal/commands/deploy/deploy.go:92.120,94.4 1 0
github.com/aws-research-wizard/go/internal/commands/deploy/deploy.go:95.8,100.3 4 0
github.com/aws-research-wizard/go/internal/commands/deploy/deploy.go:103.161,107.16 3 0
github.com/aws-research-wizard/go/internal/commands/deploy/deploy.go:107.16,109.3 1 0
github.com/aws-research-wizard/go/internal/commands/deploy/deploy.go:111.2,112.13 2 0
github.com/aws-research-wizard/go/internal/commands/deploy/deploy.go:112.13,114.3 1 0
github.com/aws-research-wizard/go/internal/commands/deploy/deploy.go:116.2,121.28 4 0
github.com/aws-research-wizard/go/internal/commands/deploy/deploy.go:121.28,123.57 1 0
github.com/aws-research-wizard/go/internal/commands/deploy/deploy.go:123.57,125.9 2 0
github.com/aws-research-wizard/go/internal/commands/deploy/deploy.go:129.2,129.28 1 0
github.com/aws-research-wizard/go/internal/commands/deploy/deploy.go:129.28,131.3 1 0
github.com/aws-research-wizard/go/internal/commands/deploy/deploy.go:133.2,136.21 2 0
github.com/aws-research-wizard/go/internal/commands/deploy/deploy.go:136.21,138.3 1 0
github.com/aws-research-wizard/go/internal/commands/deploy/deploy.go:140.2,142.12 2 0
github.com/aws-research-wizard/go/internal/commands/deploy/deploy.go:142.12,151.3 8 0
github.com/aws-research-wizard/go/internal/commands/deploy/deploy.go:154.2,158.16 3 0
github.com/aws-research-wizard/go/internal/commands/deploy/deploy.go:158.16,160.3 1 0
github.com/aws-research-wizard/go/internal/commands/deploy/deploy.go:163.2,173.16 4 0
github.com/aws-research-wizard/go/internal/commands/deploy/deploy.go:173.16,175.3 1 0
github.com/aws-research-wizard/go/internal/commands/deploy/deploy.go:177.2,182.16 4 0
github.com/aws-research-wizard/go/internal/commands/deploy/deploy.go:182.16,184.3 1 0
github.com/aws-research-wizard/go/internal/commands/deploy/deploy.go:186.2,192.37 6 0
github.com/aws-research-wizard/go/internal/commands/deploy/deploy.go:192.37,194.50 2 0
github.com/aws-research-wizard/go/internal/commands/deploy/deploy.go:194.50,196.4 1 0
github.com/aws-research-wizard/go/internal/commands/deploy/deploy.go:199.2,204.12 5 0
github.com/aws-research-wizard/go/internal/commands/deploy/deploy.go:207.101,313.2 2 0
github.com/aws-research-wizard/go/internal/commands/deploy/deploy.go:315.136,319.48 1 0
github.com/aws-research-wizard/go/internal/commands/deploy/deploy.go:319.48,320.25 1 0
github.com/aws-research-wizard/go/internal/commands/deploy/deploy.go:320.25,322.5 1 0
github.com/aws-research-wizard/go/internal/commands/deploy/deploy.go:324.4,325.25 2 0
github.com/aws-research-wizard/go/internal/commands/deploy/deploy.go:325.25,327.5 1 0
github.com/aws-research-wizard/go/internal/commands/deploy/deploy.go:329.4,331.18 3 0
github.com/aws-research-wizard/go/internal/commands/deploy/deploy.go:331.18,333.5 1 0
github.com/aws-research-wizard/go/internal/commands/deploy/deploy.go:335.4,335.127 1 0
github.com/aws-research-wizard/go/internal/commands/deploy/deploy.go:335.127,337.5 1 0
github.com/aws-research-wizard/go/internal/commands/deploy/deploy.go:342.72,346.48 1 0
github.com/aws-research-wizard/go/internal/commands/deploy/deploy.go:346.48,347.24 1 0
github.com/aws-research-wizard/go/internal/commands/deploy/deploy.go:347.24,349.5 1 0
github.com/aws-research-wizard/go/internal/commands/deploy/deploy.go:351.4,354.18 4 0
github.com/aws-research-wizard/go/internal/commands/deploy/deploy.go:354.18,356.5 1 0
github.com/aws-research-wizard/go/internal/commands/deploy/deploy.go:358.4,361.18 3 0
github.com/aws-research-wizard/go/internal/commands/deploy/deploy.go:361.18,363.5 1 0
github.com/aws-research-wizard/go/internal/commands/deploy/deploy.go:365.4,369.36 4 0
github.com/aws-research-wizard/go/internal/commands/deploy/deploy.go:369.36,371.5 1 0
github.com/aws-research-wizard/go/internal/commands/deploy/deploy.go:373.4,373.34 1 0
github.com/aws-research-wizard/go/internal/commands/deploy/deploy.go:373.34,375.47 2 0
github.com/aws-research-wizard/go/internal/commands/deploy/deploy.go:375.47,377.6 1 0
github.com/aws-research-wizard/go/internal/commands/deploy/deploy.go:383.72,387.48 1 0
github.com/aws-research-wizard/go/internal/commands/deploy/deploy.go:387.48,388.24 1 0
github.com/aws-research-wizard/go/internal/commands/deploy/deploy.go:388.24,390.5 1 0
github.com/aws-research-wizard/go/internal/commands/deploy/deploy.go:392.4,395.18 4 0
github.com/aws-research-wizard/go/internal/commands/deploy/deploy.go:395.18,397.5 1 0
github.com/aws-research-wizard/go/internal/commands/deploy/deploy.go:399.4,407.42 6 0
github.com/aws-research-wizard/go/internal/commands/deploy/deploy.go:407.42,410.5 2 0
github.com/aws-research-wizard/go/internal/commands/deploy/deploy.go:412.4,412.68 1 0
github.com/aws-research-wizard/go/internal/commands/deploy/deploy.go:412.68,414.5 1 0
github.com/aws-research-wizard/go/internal/commands/deploy/deploy.go:416.4,416.134 1 0
github.com/aws-research-wizard/go/internal/commands/deploy/deploy.go:421.59,425.48 1 0
github.com/aws-research-wizard/go/internal/commands/deploy/deploy.go:425.48,429.18 4 0
github.com/aws-research-wizard/go/internal/commands/deploy/deploy.go:429.18,431.5 1 0
github.com/aws-research-wizard/go/internal/commands/deploy/deploy.go:433.4,442.18 4 0
github.com/aws-research-wizard/go/internal/commands/deploy/deploy.go:442.18,444.5 1 0
github.com/aws-research-wizard/go/internal/commands/deploy/deploy.go:446.4,448.39 2 0
github.com/aws-research-wizard/go/internal/commands/deploy/deploy.go:448.39,450.21 2 0
github.com/aws-research-wizard/go/internal/commands/deploy/deploy.go:450.21,452.6 1 0
github.com/aws-research-wizard/go/internal/commands/deploy/deploy.go:454.5,460.21 7 0
github.com/aws-research-wizard/go/internal/commands/deploy/deploy.go:466.75,470.48 1 0
github.com/aws-research-wizard/go/internal/commands/deploy/deploy.go:470.48,473.25 2 0
github.com/aws-research-wizard/go/internal/commands/deploy/deploy.go:473.25,475.5 1 0
github.com/aws-research-wizard/go/internal/commands/deploy/deploy.go:477.4,482.18 4 0
github.com/aws-research-wizard/go/internal/commands/deploy/deploy.go:482.18,484.5 1 0
github.com/aws-research-wizard/go/internal/commands/deploy/deploy.go:486.4,486.61 1 0
github.com/aws-research-wizard/go/internal/commands/deploy/deploy.go:486.61,488.5 1 0
github.com/aws-research-wizard/go/internal/commands/deploy/deploy.go:490.4,493.25 2 0
github.com/aws-research-wizard/go/internal/commands/deploy/deploy.go:493.25,496.19 3 0
github.com/aws-research-wizard/go/internal/commands/deploy/deploy.go:496.19,498.6 1 0
github.com/aws-research-wizard/go/internal/commands/deploy/deploy.go:500.5,500.51 1 0
github.com/aws-research-wizard/go/internal/commands/deploy/deploy.go:500.51,502.6 1 0
github.com/aws-research-wizard/go/internal/commands/deploy/deploy.go:504.5,504.68 1 0
github.com/aws-research-wizard/go/internal/commands/deploy/deploy.go:508.4,509.18 2 0
github.com/aws-research-wizard/go/internal/commands/deploy/deploy.go:509.18,511.5 1 0
github.com/aws-research-wizard/go/internal/commands/deploy/deploy.go:513.4,515.50 2 0
github.com/aws-research-wizard/go/internal/commands/deploy/deploy.go:520.30,523.16 2 0
github.com/aws-research-wizard/go/internal/commands/deploy/deploy.go:523.16,525.3 1 0
github.com/aws-research-wizard/go/internal/commands/deploy/deploy.go:527.2,527.6 1 0
github.com/aws-research-wizard/go/internal/commands/deploy/deploy.go:527.6,529.49 2 0
github.com/aws-research-wizard/go/internal/commands/deploy/deploy.go:529.49,531.4 1 0
github.com/aws-research-wizard/go/internal/commands/deploy/deploy.go:533.3,534.27 2 0
github.com/aws-research-wizard/go/internal/commands/deploy/deploy.go:534.27,535.9 1 0
github.com/aws-research-wizard/go/internal/commands/deploy/deploy.go:537.3,537.22 1 0
github.com/aws-research-wizard/go/internal/commands/deploy/deploy.go:540.2,541.11 2 0
github.com/aws-research-wizard/go/internal/commands/config/config.go:19.40,34.48 3 0
github.com/aws-research-wizard/go/internal/commands/config/config.go:34.48,36.4 1 0
github.com/aws-research-wizard/go/internal/commands/config/config.go:40.2,51.18 4 0
github.com/aws-research-wizard/go/internal/commands/config/config.go:54.79,58.22 2 0
github.com/aws-research-wizard/go/internal/commands/config/config.go:58.22,60.3 1 0
github.com/aws-research-wizard/go/internal/commands/config/config.go:62.2,70.16 6 0
github.com/aws-research-wizard/go/internal/commands/config/config.go:70.16,72.3 1 0
github.com/aws-research-wizard/go/internal/commands/config/config.go:75.2,75.59 1 0
github.com/aws-research-wizard/go/internal/commands/config/config.go:75.59,77.3 1 0
github.com/aws-research-wizard/go/internal/commands/config/config.go:80.2,82.16 3 0
github.com/aws-research-wizard/go/internal/commands/config/config.go:82.16,84.3 1 0
github.com/aws-research-wizard/go/internal/commands/config/config.go:86.2,90.16 3 0
github.com/aws-research-wizard/go/internal/commands/config/config.go:90.16,92.3 1 0
github.com/aws-research-wizard/go/internal/commands/config/config.go:94.2,94.27 1 0
github.com/aws-research-wizard/go/internal/commands/config/config.go:94.27,97.3 2 0
github.com/aws-research-wizard/go/internal/commands/config/config.go:99.2,105.16 5 0
github.com/aws-research-wizard/go/internal/commands/config/config.go:105.16,107.3 1 0
github.com/aws-research-wizard/go/internal/commands/config/config.go:109.2,109.28 1 0
github.com/aws-research-wizard/go/internal/commands/config/config.go:109.28,112.3 2 0
github.com/aws-research-wizard/go/internal/commands/config/config.go:115.2,125.64 10 0
github.com/aws-research-wizard/go/internal/commands/config/config.go:128.59,132.48 1 0
github.com/aws-research-wizard/go/internal/commands/config/config.go:132.48,133.25 1 0
github.com/aws-research-wizard/go/internal/commands/config/config.go:133.25,135.5 1 0
github.com/aws-research-wizard/go/internal/commands/config/config.go:137.4,139.18 3 0
github.com/aws-research-wizard/go/internal/commands/config/config.go:139.18,141.5 1 0
github.com/aws-research-wizard/go/internal/commands/config/config.go:143.4,145.38 2 0
github.com/aws-research-wizard/go/internal/commands/config/config.go:145.38,150.5 4 0
github.com/aws-research-wizard/go/internal/commands/config/config.go:155.59,160.48 1 0
github.com/aws-research-wizard/go/internal/commands/config/config.go:160.48,161.25 1 0
github.com/aws-research-wizard/go/internal/commands/config/config.go:161.25,163.5 1 0
github.com/aws-research-wizard/go/internal/commands/config/config.go:165.4,168.18 4 0
github.com/aws-research-wizard/go/internal/commands/config/config.go:168.18,170.5 1 0
github.com/aws-research-wizard/go/internal/commands/config/config.go:172.4,173.15 2 0
github.com/aws-research-wizard/go/internal/commands/config/config.go:173.15,175.5 1 0
github.com/aws-research-wizard/go/internal/commands/config/config.go:177.4,183.57 5 0
github.com/aws-research-wizard/go/internal/commands/config/config.go:183.57,185.5 1 0
github.com/aws-research-wizard/go/internal/commands/config/config.go:187.4,188.58 2 0
github.com/aws-research-wizard/go/internal/commands/config/config.go:188.58,191.5 1 0
github.com/aws-research-wizard/go/internal/commands/config/config.go:193.4,196.72 4 0
github.com/aws-research-wizard/go/internal/commands/config/config.go:201.59,206.48 1 0
github.com/aws-research-wizard/go/internal/commands/config/config.go:206.48,207.25 1 0
github.com/aws-research-wizard/go/internal/commands/config/config.go:207.25,209.5 1 0
github.com/aws-research-wizard/go/internal/commands/config/config.go:211.4,214.18 4 0
github.com/aws-research-wizard/go/internal/commands/config/config.go:214.18,216.5 1 0
github.com/aws-research-wizard/go/internal/commands/config/config.go:218.4,219.15 2 0
github.com/aws-research-wizard/go/internal/commands/config/config.go:219.15,221.5 1 0
github.com/aws-research-wizard/go/internal/commands/config/config.go:223.4,227.18 4 0
github.com/aws-research-wizard/go/internal/commands/config/config.go:227.18,229.5 1 0
github.com/aws-research-wizard/go/internal/commands/config/config.go:234.61,239.48 1 0
github.com/aws-research-wizard/go/internal/commands/config/config.go:239.48,240.25 1 0
github.com/aws-research-wizard/go/internal/commands/config/config.go:240.25,242.5 1 0
github.com/aws-research-wizard/go/internal/commands/config/config.go:244.4,247.18 4 0
github.com/aws-research-wizard/go/internal/commands/config/config.go:247.18,249.5 1 0
github.com/aws-research-wizard/go/internal/commands/config/config.go:251.4,254.38 3 0
github.com/aws-research-wizard/go/internal/commands/config/config.go:254.38,259.31 3 0
github.com/aws-research-wizard/go/internal/commands/config/config.go:259.31,264.6 4 0
github.com/aws-research-wizard/go/internal/commands/config/config.go:267.4,267.18 1 0
github.com/aws-research-wizard/go/internal/commands/config/config.go:267.18,269.5 1 0
github.com/aws-research-wizard/go/internal/commands/config/config.go:269.10,271.5 1 0
github.com/aws-research-wizard/go/internal/commands/config/config.go:276.30,279.16 2 0
github.com/aws-research-wizard/go/internal/commands/config/config.go:279.16,281.3 1 0
github.com/aws-research-wizard/go/internal/commands/config/config.go:283.2,283.6 1 0
github.com/aws-research-wizard/go/internal/commands/config/config.go:283.6,285.49 2 0
github.com/aws-research-wizard/go/internal/commands/config/config.go:285.49,287.4 1 0
github.com/aws-research-wizard/go/internal/commands/config/config.go:289.3,290.27 2 0
github.com/aws-research-wizard/go/internal/commands/config/config.go:290.27,291.9 1 0
github.com/aws-research-wizard/go/internal/commands/config/config.go:293.3,293.22 1 0
github.com/aws-research-wizard/go/internal/commands/config/config.go:296.2,297.11 2 0
github.com/aws-research-wizard/go/internal/commands/config/config.go:300.48,305.2 1 0
github.com/aws-research-wizard/go/internal/commands/monitor/monitor.go:16.41,36.48 8 0
github.com/aws-research-wizard/go/internal/commands/monitor/monitor.go:36.48,38.4 1 0
github.com/aws-research-wizard/go/internal/commands/monitor/monitor.go:42.2,59.19 9 0
github.com/aws-research-wizard/go/internal/commands/monitor/monitor.go:62.157,72.16 6 0
github.com/aws-research-wizard/go/internal/commands/monitor/monitor.go:72.16,74.3 1 0
github.com/aws-research-wizard/go/internal/commands/monitor/monitor.go:77.2,77.59 1 0
github.com/aws-research-wizard/go/internal/commands/monitor/monitor.go:77.59,79.3 1 0
github.com/aws-research-wizard/go/internal/commands/monitor/monitor.go:82.2,100.43 5 0
github.com/aws-research-wizard/go/internal/commands/monitor/monitor.go:100.43,102.3 1 0
github.com/aws-research-wizard/go/internal/commands/monitor/monitor.go:105.157,109.48 1 0
github.com/aws-research-wizard/go/internal/commands/monitor/monitor.go:109.48,111.4 1 0
github.com/aws-research-wizard/go/internal/commands/monitor/monitor.go:115.41,119.48 1 0
github.com/aws-research-wizard/go/internal/commands/monitor/monitor.go:119.48,124.18 4 0
github.com/aws-research-wizard/go/internal/commands/monitor/monitor.go:124.18,126.5 1 0
github.com/aws-research-wizard/go/internal/commands/monitor/monitor.go:128.4,135.18 5 0
github.com/aws-research-wizard/go/internal/commands/monitor/monitor.go:135.18,137.5 1 0
github.com/aws-research-wizard/go/internal/commands/monitor/monitor.go:139.4,142.23 3 0
github.com/aws-research-wizard/go/internal/commands/monitor/monitor.go:142.23,145.5 2 0
github.com/aws-research-wizard/go/internal/commands/monitor/monitor.go:148.4,151.31 3 0
github.com/aws-research-wizard/go/internal/commands/monitor/monitor.go:151.31,154.5 2 0
github.com/aws-research-wizard/go/internal/commands/monitor/monitor.go:156.4,157.46 2 0
github.com/aws-research-wizard/go/internal/commands/monitor/monitor.go:157.46,160.5 2 0
github.com/aws-research-wizard/go/internal/commands/monitor/monitor.go:162.4,164.56 3 0
github.com/aws-research-wizard/go/internal/commands/monitor/monitor.go:169.43,173.48 1 0
github.com/aws-research-wizard/go/internal/commands/monitor/monitor.go:173.48,178.18 4 0
github.com/aws-research-wizard/go/internal/commands/monitor/monitor.go:178.18,180.5 1 0
github.com/aws-research-wizard/go/internal/commands/monitor/monitor.go:182.4,185.18 3 0
github.com/aws-research-wizard/go/internal/commands/monitor/monitor.go:185.18,187.5 1 0
github.com/aws-research-wizard/go/internal/commands/monitor/monitor.go:189.4,191.24 2 0
github.com/aws-research-wizard/go/internal/commands/monitor/monitor.go:191.24,194.5 2 0
github.com/aws-research-wizard/go/internal/commands/monitor/monitor.go:196.4,196.33 1 0
github.com/aws-research-wizard/go/internal/commands/monitor/monitor.go:196.33,198.31 2 0
github.com/aws-research-wizard/go/internal/commands/monitor/monitor.go:198.31,200.6 1 0
github.com/aws-research-wizard/go/internal/commands/monitor/monitor.go:200.11,200.50 1 0
github.com/aws-research-wizard/go/internal/commands/monitor/monitor.go:200.50,202.6 1 0
github.com/aws-research-wizard/go/internal/commands/monitor/monitor.go:204.5,208.32 5 0
github.com/aws-research-wizard/go/internal/commands/monitor/monitor.go:208.32,210.6 1 0
github.com/aws-research-wizard/go/internal/commands/monitor/monitor.go:211.5,211.21 1 0
github.com/aws-research-wizard/go/internal/commands/monitor/monitor.go:217.64,221.48 1 0
github.com/aws-research-wizard/go/internal/commands/monitor/monitor.go:221.48,226.18 4 0
github.com/aws-research-wizard/go/internal/commands/monitor/monitor.go:226.18,228.5 1 0
github.com/aws-research-wizard/go/internal/commands/monitor/monitor.go:230.4,234.25 3 0
github.com/aws-research-wizard/go/internal/commands/monitor/monitor.go:234.25,236.5 1 0
github.com/aws-research-wizard/go/internal/commands/monitor/monitor.go:238.4,239.18 2 0
github.com/aws-research-wizard/go/internal/commands/monitor/monitor.go:239.18,241.5 1 0
github.com/aws-research-wizard/go/internal/commands/monitor/monitor.go:243.4,245.27 2 0
github.com/aws-research-wizard/go/internal/commands/monitor/monitor.go:245.27,248.5 2 0
github.com/aws-research-wizard/go/internal/commands/monitor/monitor.go:250.4,250.39 1 0
github.com/aws-research-wizard/go/internal/commands/monitor/monitor.go:250.39,252.36 2 0
github.com/aws-research-wizard/go/internal/commands/monitor/monitor.go:252.36,254.6 1 0
github.com/aws-research-wizard/go/internal/commands/monitor/monitor.go:254.11,254.75 1 0
github.com/aws-research-wizard/go/internal/commands/monitor/monitor.go:254.75,256.6 1 0
github.com/aws-research-wizard/go/internal/commands/monitor/monitor.go:258.5,266.31 7 0
github.com/aws-research-wizard/go/internal/commands/monitor/monitor.go:266.31,269.44 3 0
github.com/aws-research-wizard/go/internal/commands/monitor/monitor.go:269.44,270.17 1 0
github.com/aws-research-wizard/go/internal/commands/monitor/monitor.go:270.17,272.8 1 0
github.com/aws-research-wizard/go/internal/commands/monitor/monitor.go:273.7,274.20 2 0
github.com/aws-research-wizard/go/internal/commands/monitor/monitor.go:276.6,276.22 1 0
github.com/aws-research-wizard/go/internal/commands/monitor/monitor.go:278.5,278.21 1 0
github.com/aws-research-wizard/go/internal/commands/monitor/monitor.go:284.60,288.48 1 0
github.com/aws-research-wizard/go/internal/commands/monitor/monitor.go:288.48,293.18 4 0
github.com/aws-research-wizard/go/internal/commands/monitor/monitor.go:293.18,295.5 1 0
github.com/aws-research-wizard/go/internal/commands/monitor/monitor.go:297.4,299.24 2 0
github.com/aws-research-wizard/go/internal/commands/monitor/monitor.go:299.24,302.19 2 0
github.com/aws-research-wizard/go/internal/commands/monitor/monitor.go:302.19,304.6 1 0
github.com/aws-research-wizard/go/internal/commands/monitor/monitor.go:306.5,310.37 4 0
github.com/aws-research-wizard/go/internal/commands/monitor/monitor.go:310.37,312.6 1 0
github.com/aws-research-wizard/go/internal/commands/monitor/monitor.go:314.5,314.35 1 0
github.com/aws-research-wizard/go/internal/commands/monitor/monitor.go:314.35,316.48 2 0
github.com/aws-research-wizard/go/internal/commands/monitor/monitor.go:316.48,318.7 1 0
github.com/aws-research-wizard/go/internal/commands/monitor/monitor.go:321.5,321.38 1 0
github.com/aws-research-wizard/go/internal/commands/monitor/monitor.go:321.38,323.51 2 0
github.com/aws-research-wizard/go/internal/commands/monitor/monitor.go:323.51,325.7 1 0
github.com/aws-research-wizard/go/internal/commands/monitor/monitor.go:327.10,331.5 3 0
github.com/aws-research-wizard/go/internal/config/domain.go:74.55,78.2 1 0
github.com/aws-research-wizard/go/internal/config/domain.go:81.74,85.89 3 0
github.com/aws-research-wizard/go/internal/config/domain.go:85.89,86.17 1 0
github.com/aws-research-wizard/go/internal/config/domain.go:86.17,88.4 1 0
github.com/aws-research-wizard/go/internal/config/domain.go:90.3,90.53 1 0
github.com/aws-research-wizard/go/internal/config/domain.go:90.53,92.4 1 0
github.com/aws-research-wizard/go/internal/config/domain.go:94.3,95.17 2 0
github.com/aws-research-wizard/go/internal/config/domain.go:95.17,97.4 1 0
github.com/aws-research-wizard/go/internal/config/domain.go:99.3,102.13 3 0
github.com/aws-research-wizard/go/internal/config/domain.go:105.2,105.16 1 0
github.com/aws-research-wizard/go/internal/config/domain.go:105.16,107.3 1 0
github.com/aws-research-wizard/go/internal/config/domain.go:109.2,109.21 1 0
github.com/aws-research-wizard/go/internal/config/domain.go:113.70,115.16 2 0
github.com/aws-research-wizard/go/internal/config/domain.go:115.16,117.3 1 0
github.com/aws-research-wizard/go/internal/config/domain.go:119.2,121.16 3 0
github.com/aws-research-wizard/go/internal/config/domain.go:121.16,123.3 1 0
github.com/aws-research-wizard/go/internal/config/domain.go:125.2,125.21 1 0
github.com/aws-research-wizard/go/internal/config/domain.go:129.60,131.16 2 0
github.com/aws-research-wizard/go/internal/config/domain.go:131.16,133.3 1 0
github.com/aws-research-wizard/go/internal/config/domain.go:135.2,136.28 2 0
github.com/aws-research-wizard/go/internal/config/domain.go:136.28,138.3 1 0
github.com/aws-research-wizard/go/internal/config/domain.go:140.2,140.19 1 0
github.com/aws-research-wizard/go/internal/commands/data/analyze.go:52.13,63.2 7 0
github.com/aws-research-wizard/go/internal/commands/data/analyze.go:65.58,68.19 2 0
github.com/aws-research-wizard/go/internal/commands/data/analyze.go:68.19,70.3 1 0
github.com/aws-research-wizard/go/internal/commands/data/analyze.go:73.2,74.16 2 0
github.com/aws-research-wizard/go/internal/commands/data/analyze.go:74.16,76.3 1 0
github.com/aws-research-wizard/go/internal/commands/data/analyze.go:79.2,79.52 1 0
github.com/aws-research-wizard/go/internal/commands/data/analyze.go:79.52,81.3 1 0
github.com/aws-research-wizard/go/internal/commands/data/analyze.go:83.2,91.16 5 0
github.com/aws-research-wizard/go/internal/commands/data/analyze.go:91.16,93.3 1 0
github.com/aws-research-wizard/go/internal/commands/data/analyze.go:96.2,96.22 1 0
github.com/aws-research-wizard/go/internal/commands/data/analyze.go:96.22,99.62 2 0
github.com/aws-research-wizard/go/internal/commands/data/analyze.go:99.62,100.28 1 0
github.com/aws-research-wizard/go/internal/commands/data/analyze.go:100.28,102.10 2 0
github.com/aws-research-wizard/go/internal/commands/data/analyze.go:105.3,105.13 1 0
github.com/aws-research-wizard/go/internal/commands/data/analyze.go:105.13,108.4 2 0
github.com/aws-research-wizard/go/internal/commands/data/analyze.go:112.2,113.16 2 0
github.com/aws-research-wizard/go/internal/commands/data/analyze.go:113.16,115.3 1 0
github.com/aws-research-wizard/go/internal/commands/data/analyze.go:118.2,118.22 1 0
github.com/aws-research-wizard/go/internal/commands/data/analyze.go:119.14,120.45 1 0
github.com/aws-research-wizard/go/internal/commands/data/analyze.go:121.14,122.45 1 0
github.com/aws-research-wizard/go/internal/commands/data/analyze.go:123.10,124.46 1 0
github.com/aws-research-wizard/go/internal/commands/data/analyze.go:127.2,127.16 1 0
github.com/aws-research-wizard/go/internal/commands/data/analyze.go:127.16,129.3 1 0
github.com/aws-research-wizard/go/internal/commands/data/analyze.go:132.2,132.20 1 0
github.com/aws-research-wizard/go/internal/commands/data/analyze.go:132.20,134.17 2 0
github.com/aws-research-wizard/go/internal/commands/data/analyze.go:134.17,136.4 1 0
github.com/aws-research-wizard/go/internal/commands/data/analyze.go:137.3,137.74 1 0
github.com/aws-research-wizard/go/internal/commands/data/analyze.go:140.2,140.12 1 0
github.com/aws-research-wizard/go/internal/commands/data/analyze.go:143.127,153.2 4 0
github.com/aws-research-wizard/go/internal/commands/data/analyze.go:155.95,165.50 6 0
github.com/aws-research-wizard/go/internal/commands/data/analyze.go:165.50,167.62 2 0
github.com/aws-research-wizard/go/internal/commands/data/analyze.go:167.62,170.4 2 0
github.com/aws-research-wizard/go/internal/commands/data/analyze.go:174.2,175.43 2 0
github.com/aws-research-wizard/go/internal/commands/data/analyze.go:175.43,176.21 1 0
github.com/aws-research-wizard/go/internal/commands/data/analyze.go:176.21,180.4 2 0
github.com/aws-research-wizard/go/internal/commands/data/analyze.go:184.2,185.34 2 0
github.com/aws-research-wizard/go/internal/commands/data/analyze.go:185.34,193.38 7 0
github.com/aws-research-wizard/go/internal/commands/data/analyze.go:193.38,195.4 1 0
github.com/aws-research-wizard/go/internal/commands/data/analyze.go:199.2,199.45 1 0
github.com/aws-research-wizard/go/internal/commands/data/analyze.go:199.45,203.49 4 0
github.com/aws-research-wizard/go/internal/commands/data/analyze.go:203.49,205.4 1 0
github.com/aws-research-wizard/go/internal/commands/data/analyze.go:206.3,206.49 1 0
github.com/aws-research-wizard/go/internal/commands/data/analyze.go:206.49,208.4 1 0
github.com/aws-research-wizard/go/internal/commands/data/analyze.go:212.2,212.28 1 0
github.com/aws-research-wizard/go/internal/commands/data/analyze.go:212.28,216.63 2 0
github.com/aws-research-wizard/go/internal/commands/data/analyze.go:216.63,219.31 2 0
github.com/aws-research-wizard/go/internal/commands/data/analyze.go:219.31,221.5 1 0
github.com/aws-research-wizard/go/internal/commands/data/analyze.go:225.3,225.63 1 0
github.com/aws-research-wizard/go/internal/commands/data/analyze.go:225.63,227.41 2 0
github.com/aws-research-wizard/go/internal/commands/data/analyze.go:227.41,229.5 1 0
github.com/aws-research-wizard/go/internal/commands/data/analyze.go:233.3,233.42 1 0
github.com/aws-research-wizard/go/internal/commands/data/analyze.go:233.42,235.55 2 0
github.com/aws-research-wizard/go/internal/commands/data/analyze.go:235.55,238.5 2 0
github.com/aws-research-wizard/go/internal/commands/data/analyze.go:239.4,239.57 1 0
github.com/aws-research-wizard/go/internal/commands/data/analyze.go:239.57,241.5 1 0
github.com/aws-research-wizard/go/internal/commands/data/analyze.go:246.2,246.50 1 0
github.com/aws-research-wizard/go/internal/commands/data/analyze.go:246.50,248.62 2 0
github.com/aws-research-wizard/go/internal/commands/data/analyze.go:248.62,250.4 1 0
github.com/aws-research-wizard/go/internal/commands/data/analyze.go:253.2,253.12 1 0
github.com/aws-research-wizard/go/internal/commands/data/analyze.go:256.47,259.13 3 0
github.com/aws-research-wizard/go/internal/commands/data/analyze.go:259.13,261.3 1 0
github.com/aws-research-wizard/go/internal/commands/data/analyze.go:263.2,267.53 5 0
github.com/aws-research-wizard/go/internal/commands/data/analyze.go:267.53,269.3 1 0
github.com/aws-research-wizard/go/internal/commands/data/analyze.go:272.94,282.2 4 0
github.com/aws-research-wizard/go/internal/commands/data/analyze.go:284.94,292.2 2 0
github.com/aws-research-wizard/go/internal/commands/data/analyze.go:294.124,300.16 3 0
github.com/aws-research-wizard/go/internal/commands/data/analyze.go:300.16,302.3 1 0
github.com/aws-research-wizard/go/internal/commands/data/analyze.go:305.2,305.50 1 0
github.com/aws-research-wizard/go/internal/commands/data/data.go:49.13,65.2 12 0
github.com/aws-research-wizard/go/internal/commands/data/data.go:142.13,186.2 15 0
github.com/aws-research-wizard/go/internal/commands/data/data.go:189.57,197.16 6 0
github.com/aws-research-wizard/go/internal/commands/data/data.go:197.16,199.3 1 0
github.com/aws-research-wizard/go/internal/commands/data/data.go:202.2,204.16 3 0
github.com/aws-research-wizard/go/internal/commands/data/data.go:204.16,206.3 1 0
github.com/aws-research-wizard/go/internal/commands/data/data.go:209.2,220.22 4 0
github.com/aws-research-wizard/go/internal/commands/data/data.go:220.22,222.3 1 0
github.com/aws-research-wizard/go/internal/commands/data/data.go:223.2,228.12 3 0
github.com/aws-research-wizard/go/internal/commands/data/data.go:231.57,232.54 1 0
github.com/aws-research-wizard/go/internal/commands/data/data.go:232.54,234.3 1 0
github.com/aws-research-wizard/go/internal/commands/data/data.go:236.2,241.19 5 0
github.com/aws-research-wizard/go/internal/commands/data/data.go:241.19,243.3 1 0
github.com/aws-research-wizard/go/internal/commands/data/data.go:245.2,254.16 4 0
github.com/aws-research-wizard/go/internal/commands/data/data.go:254.16,256.3 1 0
github.com/aws-research-wizard/go/internal/commands/data/data.go:258.2,258.24 1 0
github.com/aws-research-wizard/go/internal/commands/data/data.go:258.24,261.3 2 0
github.com/aws-research-wizard/go/internal/commands/data/data.go:263.2,264.35 2 0
github.com/aws-research-wizard/go/internal/commands/data/data.go:264.35,269.28 5 0
github.com/aws-research-wizard/go/internal/commands/data/data.go:269.28,271.4 1 0
github.com/aws-research-wizard/go/internal/commands/data/data.go:272.3,273.39 2 0
github.com/aws-research-wizard/go/internal/commands/data/data.go:276.2,276.12 1 0
github.com/aws-research-wizard/go/internal/commands/data/data.go:279.59,280.54 1 0
github.com/aws-research-wizard/go/internal/commands/data/data.go:280.54,282.3 1 0
github.com/aws-research-wizard/go/internal/commands/data/data.go:284.2,291.16 6 0
github.com/aws-research-wizard/go/internal/commands/data/data.go:291.16,293.3 1 0
github.com/aws-research-wizard/go/internal/commands/data/data.go:295.2,298.59 2 0
github.com/aws-research-wizard/go/internal/commands/data/data.go:298.59,303.3 1 0
github.com/aws-research-wizard/go/internal/commands/data/data.go:305.2,305.12 1 0
github.com/aws-research-wizard/go/internal/commands/data/data.go:305.12,309.31 2 0
github.com/aws-research-wizard/go/internal/commands/data/data.go:309.31,311.4 1 0
github.com/aws-research-wizard/go/internal/commands/data/data.go:311.9,313.4 1 0
github.com/aws-research-wizard/go/internal/commands/data/data.go:314.3,315.17 2 0
github.com/aws-research-wizard/go/internal/commands/data/data.go:315.17,317.4 1 0
github.com/aws-research-wizard/go/internal/commands/data/data.go:319.3,320.31 2 0
github.com/aws-research-wizard/go/internal/commands/data/data.go:320.31,323.18 3 0
github.com/aws-research-wizard/go/internal/commands/data/data.go:323.18,325.5 1 0
github.com/aws-research-wizard/go/internal/commands/data/data.go:326.4,326.45 1 0
github.com/aws-research-wizard/go/internal/commands/data/data.go:328.8,331.17 2 0
github.com/aws-research-wizard/go/internal/commands/data/data.go:331.17,333.4 1 0
github.com/aws-research-wizard/go/internal/commands/data/data.go:334.3,334.54 1 0
github.com/aws-research-wizard/go/internal/commands/data/data.go:337.2,337.12 1 0
github.com/aws-research-wizard/go/internal/commands/data/data.go:340.57,341.54 1 0
github.com/aws-research-wizard/go/internal/commands/data/data.go:341.54,343.3 1 0
github.com/aws-research-wizard/go/internal/commands/data/data.go:345.2,350.16 4 0
github.com/aws-research-wizard/go/internal/commands/data/data.go:350.16,352.3 1 0
github.com/aws-research-wizard/go/internal/commands/data/data.go:354.2,357.59 2 0
github.com/aws-research-wizard/go/internal/commands/data/data.go:357.59,362.3 1 0
github.com/aws-research-wizard/go/internal/commands/data/data.go:364.2,365.16 2 0
github.com/aws-research-wizard/go/internal/commands/data/data.go:365.16,367.3 1 0
github.com/aws-research-wizard/go/internal/commands/data/data.go:369.2,370.12 2 0
github.com/aws-research-wizard/go/internal/commands/data/data.go:373.55,374.54 1 0
github.com/aws-research-wizard/go/internal/commands/data/data.go:374.54,376.3 1 0
github.com/aws-research-wizard/go/internal/commands/data/data.go:378.2,383.17 4 0
github.com/aws-research-wizard/go/internal/commands/data/data.go:383.17,385.17 2 0
github.com/aws-research-wizard/go/internal/commands/data/data.go:385.17,387.4 1 0
github.com/aws-research-wizard/go/internal/commands/data/data.go:389.3,390.29 2 0
github.com/aws-research-wizard/go/internal/commands/data/data.go:390.29,392.4 1 0
github.com/aws-research-wizard/go/internal/commands/data/data.go:393.3,393.13 1 0
github.com/aws-research-wizard/go/internal/commands/data/data.go:396.2,396.18 1 0
github.com/aws-research-wizard/go/internal/commands/data/data.go:396.18,398.17 2 0
github.com/aws-research-wizard/go/internal/commands/data/data.go:398.17,400.4 1 0
github.com/aws-research-wizard/go/internal/commands/data/data.go:402.3,403.36 2 0
github.com/aws-research-wizard/go/internal/commands/data/data.go:403.36,405.4 1 0
github.com/aws-research-wizard/go/internal/commands/data/data.go:406.3,406.13 1 0
github.com/aws-research-wizard/go/internal/commands/data/data.go:409.2,409.57 1 0
github.com/aws-research-wizard/go/internal/commands/data/data.go:412.55,413.54 1 0
github.com/aws-research-wizard/go/internal/commands/data/data.go:413.54,415.3 1 0
github.com/aws-research-wizard/go/internal/commands/data/data.go:417.2,421.16 4 0
github.com/aws-research-wizard/go/internal/commands/data/data.go:421.16,423.3 1 0
github.com/aws-research-wizard/go/internal/commands/data/data.go:425.2,431.27 6 0
github.com/aws-research-wizard/go/internal/commands/data/data.go:431.27,433.3 1 0
github.com/aws-research-wizard/go/internal/commands/data/data.go:435.2,436.45 2 0
github.com/aws-research-wizard/go/internal/commands/data/data.go:436.45,438.28 2 0
github.com/aws-research-wizard/go/internal/commands/data/data.go:438.28,440.4 1 0
github.com/aws-research-wizard/go/internal/commands/data/data.go:441.3,441.33 1 0
github.com/aws-research-wizard/go/internal/commands/data/data.go:441.33,443.4 1 0
github.com/aws-research-wizard/go/internal/commands/data/data.go:447.2,449.16 3 0
github.com/aws-research-wizard/go/internal/commands/data/data.go:449.16,451.3 1 0
github.com/aws-research-wizard/go/internal/commands/data/data.go:451.8,453.3 1 0
github.com/aws-research-wizard/go/internal/commands/data/data.go:455.2,455.12 1 0
github.com/aws-research-wizard/go/internal/commands/data/data.go:458.58,459.54 1 0
github.com/aws-research-wizard/go/internal/commands/data/data.go:459.54,461.3 1 0
github.com/aws-research-wizard/go/internal/commands/data/data.go:464.2,475.6 5 0
github.com/aws-research-wizard/go/internal/commands/data/data.go:475.6,491.3 5 0
github.com/aws-research-wizard/go/internal/commands/data/data.go:494.65,495.54 1 0
github.com/aws-research-wizard/go/internal/commands/data/data.go:495.54,497.3 1 0
github.com/aws-research-wizard/go/internal/commands/data/data.go:499.2,514.12 7 0
github.com/aws-research-wizard/go/internal/commands/data/data.go:517.63,518.54 1 0
github.com/aws-research-wizard/go/internal/commands/data/data.go:518.54,520.3 1 0
github.com/aws-research-wizard/go/internal/commands/data/data.go:522.2,524.25 2 0
github.com/aws-research-wizard/go/internal/commands/data/data.go:524.25,527.3 2 0
github.com/aws-research-wizard/go/internal/commands/data/data.go:529.2,530.37 2 0
github.com/aws-research-wizard/go/internal/commands/data/data.go:530.37,537.3 6 0
github.com/aws-research-wizard/go/internal/commands/data/data.go:539.2,539.12 1 0
github.com/aws-research-wizard/go/internal/commands/data/data.go:542.66,543.54 1 0
github.com/aws-research-wizard/go/internal/commands/data/data.go:543.54,545.3 1 0
github.com/aws-research-wizard/go/internal/commands/data/data.go:547.2,551.16 4 0
github.com/aws-research-wizard/go/internal/commands/data/data.go:551.16,553.3 1 0
github.com/aws-research-wizard/go/internal/commands/data/data.go:555.2,556.12 2 0
github.com/aws-research-wizard/go/internal/commands/data/data.go:561.61,562.38 1 0
github.com/aws-research-wizard/go/internal/commands/data/data.go:562.38,564.3 1 0
github.com/aws-research-wizard/go/internal/commands/data/data.go:566.2,569.20 3 0
github.com/aws-research-wizard/go/internal/commands/data/data.go:569.20,571.3 1 0
github.com/aws-research-wizard/go/internal/commands/data/data.go:573.2,574.20 2 0
github.com/aws-research-wizard/go/internal/commands/data/data.go:574.20,576.3 1 0
github.com/aws-research-wizard/go/internal/commands/data/data.go:578.2,578.25 1 0
github.com/aws-research-wizard/go/internal/commands/data/data.go:581.47,585.38 3 0
github.com/aws-research-wizard/go/internal/commands/data/data.go:585.38,588.3 2 0
github.com/aws-research-wizard/go/internal/commands/data/data.go:588.8,588.45 1 0
github.com/aws-research-wizard/go/internal/commands/data/data.go:588.45,591.3 2 0
github.com/aws-research-wizard/go/internal/commands/data/data.go:591.8,591.45 1 0
github.com/aws-research-wizard/go/internal/commands/data/data.go:591.45,594.3 2 0
github.com/aws-research-wizard/go/internal/commands/data/data.go:596.2,597.16 2 0
github.com/aws-research-wizard/go/internal/commands/data/data.go:597.16,599.3 1 0
github.com/aws-research-wizard/go/internal/commands/data/data.go:601.2,601.31 1 0
github.com/aws-research-wizard/go/internal/commands/data/data.go:604.38,606.18 2 0
github.com/aws-research-wizard/go/internal/commands/data/data.go:606.18,608.3 1 0
github.com/aws-research-wizard/go/internal/commands/data/data.go:610.2,611.46 2 0
github.com/aws-research-wizard/go/internal/commands/data/data.go:611.46,614.3 2 0
github.com/aws-research-wizard/go/internal/commands/data/data.go:616.2,616.76 1 0
github.com/aws-research-wizard/go/internal/commands/data/demo.go:38.13,46.2 4 0
github.com/aws-research-wizard/go/internal/commands/data/demo.go:48.55,59.16 7 0
github.com/aws-research-wizard/go/internal/commands/data/demo.go:59.16,61.3 1 0
github.com/aws-research-wizard/go/internal/commands/data/demo.go:64.2,64.58 1 0
github.com/aws-research-wizard/go/internal/commands/data/demo.go:64.58,66.3 1 0
github.com/aws-research-wizard/go/internal/commands/data/demo.go:68.2,72.16 3 0
github.com/aws-research-wizard/go/internal/commands/data/demo.go:72.16,74.3 1 0
github.com/aws-research-wizard/go/internal/commands/data/demo.go:76.2,77.67 2 0
github.com/aws-research-wizard/go/internal/commands/data/demo.go:77.67,79.3 1 0
github.com/aws-research-wizard/go/internal/commands/data/demo.go:82.2,90.56 7 0
github.com/aws-research-wizard/go/internal/commands/data/demo.go:90.56,93.3 1 0
github.com/aws-research-wizard/go/internal/commands/data/demo.go:94.2,98.53 3 0
github.com/aws-research-wizard/go/internal/commands/data/demo.go:98.53,100.3 1 0
github.com/aws-research-wizard/go/internal/commands/data/demo.go:101.2,105.51 3 0
github.com/aws-research-wizard/go/internal/commands/data/demo.go:105.51,108.18 2 0
github.com/aws-research-wizard/go/internal/commands/data/demo.go:108.18,111.4 2 0
github.com/aws-research-wizard/go/internal/commands/data/demo.go:113.2,121.12 6 0
github.com/aws-research-wizard/go/internal/commands/data/demo.go:121.12,129.18 7 0
github.com/aws-research-wizard/go/internal/commands/data/demo.go:129.18,131.49 2 0
github.com/aws-research-wizard/go/internal/commands/data/demo.go:131.49,134.5 1 0
github.com/aws-research-wizard/go/internal/commands/data/demo.go:136.8,138.3 1 0
github.com/aws-research-wizard/go/internal/commands/data/demo.go:139.2,149.53 6 0
github.com/aws-research-wizard/go/internal/commands/data/demo.go:149.53,151.30 2 0
github.com/aws-research-wizard/go/internal/commands/data/demo.go:151.30,153.36 1 0
github.com/aws-research-wizard/go/internal/commands/data/demo.go:153.36,155.5 1 0
github.com/aws-research-wizard/go/internal/commands/data/demo.go:155.10,155.43 1 0
github.com/aws-research-wizard/go/internal/commands/data/demo.go:155.43,157.5 1 0
github.com/aws-research-wizard/go/internal/commands/data/demo.go:157.10,157.43 1 0
github.com/aws-research-wizard/go/internal/commands/data/demo.go:157.43,159.5 1 0
github.com/aws-research-wizard/go/internal/commands/data/demo.go:163.2,172.57 6 0
github.com/aws-research-wizard/go/internal/commands/data/demo.go:172.57,178.71 5 0
github.com/aws-research-wizard/go/internal/commands/data/demo.go:178.71,180.4 1 0
github.com/aws-research-wizard/go/internal/commands/data/demo.go:182.2,185.24 2 0
github.com/aws-research-wizard/go/internal/commands/data/demo.go:185.24,206.39 9 0
github.com/aws-research-wizard/go/internal/commands/data/demo.go:206.39,211.18 4 0
github.com/aws-research-wizard/go/internal/commands/data/demo.go:211.18,213.5 1 0
github.com/aws-research-wizard/go/internal/commands/data/demo.go:213.10,218.20 4 0
github.com/aws-research-wizard/go/internal/commands/data/demo.go:218.20,220.43 2 0
github.com/aws-research-wizard/go/internal/commands/data/demo.go:220.43,222.7 1 0
github.com/aws-research-wizard/go/internal/commands/data/demo.go:226.8,228.3 1 0
github.com/aws-research-wizard/go/internal/commands/data/demo.go:229.2,252.12 20 0
github.com/aws-research-wizard/go/internal/commands/data/demo.go:260.73,260.90 1 0
github.com/aws-research-wizard/go/internal/commands/data/demo.go:261.73,261.90 1 0
github.com/aws-research-wizard/go/internal/commands/data/demo.go:262.73,262.87 1 0
github.com/aws-research-wizard/go/internal/commands/data/demo.go:263.76,265.2 1 0
github.com/aws-research-wizard/go/internal/commands/data/demo.go:266.119,268.2 1 0
github.com/aws-research-wizard/go/internal/commands/data/demo.go:269.121,271.2 1 0
github.com/aws-research-wizard/go/internal/commands/data/demo.go:272.113,274.2 1 0
github.com/aws-research-wizard/go/internal/commands/data/demo.go:275.118,277.2 1 0
github.com/aws-research-wizard/go/internal/commands/data/demo.go:278.87,278.101 1 0
github.com/aws-research-wizard/go/internal/commands/data/demo.go:279.87,279.101 1 0
github.com/aws-research-wizard/go/internal/commands/data/diagnose.go:59.13,71.2 8 0
github.com/aws-research-wizard/go/internal/commands/data/diagnose.go:73.59,79.19 4 0
github.com/aws-research-wizard/go/internal/commands/data/diagnose.go:79.19,81.3 1 0
github.com/aws-research-wizard/go/internal/commands/data/diagnose.go:83.2,84.25 2 0
github.com/aws-research-wizard/go/internal/commands/data/diagnose.go:84.25,86.3 1 0
github.com/aws-research-wizard/go/internal/commands/data/diagnose.go:87.2,104.19 6 0
github.com/aws-research-wizard/go/internal/commands/data/diagnose.go:105.17,107.36 2 0
github.com/aws-research-wizard/go/internal/commands/data/diagnose.go:107.36,109.4 1 0
github.com/aws-research-wizard/go/internal/commands/data/diagnose.go:110.14,112.36 2 0
github.com/aws-research-wizard/go/internal/commands/data/diagnose.go:112.36,114.4 1 0
github.com/aws-research-wizard/go/internal/commands/data/diagnose.go:115.16,117.36 2 0
github.com/aws-research-wizard/go/internal/commands/data/diagnose.go:117.36,119.4 1 0
github.com/aws-research-wizard/go/internal/commands/data/diagnose.go:120.18,122.36 2 0
github.com/aws-research-wizard/go/internal/commands/data/diagnose.go:122.36,124.4 1 0
github.com/aws-research-wizard/go/internal/commands/data/diagnose.go:125.17,127.36 2 0
github.com/aws-research-wizard/go/internal/commands/data/diagnose.go:127.36,129.4 1 0
github.com/aws-research-wizard/go/internal/commands/data/diagnose.go:130.18,132.36 2 0
github.com/aws-research-wizard/go/internal/commands/data/diagnose.go:132.36,134.4 1 0
github.com/aws-research-wizard/go/internal/commands/data/diagnose.go:135.10,138.36 2 0
github.com/aws-research-wizard/go/internal/commands/data/diagnose.go:138.36,140.4 1 0
github.com/aws-research-wizard/go/internal/commands/data/diagnose.go:143.2,150.25 4 0
github.com/aws-research-wizard/go/internal/commands/data/diagnose.go:150.25,152.17 2 0
github.com/aws-research-wizard/go/internal/commands/data/diagnose.go:152.17,154.4 1 0
github.com/aws-research-wizard/go/internal/commands/data/diagnose.go:158.2,158.26 1 0
github.com/aws-research-wizard/go/internal/commands/data/diagnose.go:158.26,160.17 2 0
github.com/aws-research-wizard/go/internal/commands/data/diagnose.go:160.17,162.4 1 0
github.com/aws-research-wizard/go/internal/commands/data/diagnose.go:162.9,164.4 1 0
github.com/aws-research-wizard/go/internal/commands/data/diagnose.go:167.2,167.12 1 0
github.com/aws-research-wizard/go/internal/commands/data/diagnose.go:202.109,208.60 3 0
github.com/aws-research-wizard/go/internal/commands/data/diagnose.go:208.60,212.4 2 0
github.com/aws-research-wizard/go/internal/commands/data/diagnose.go:215.2,216.60 1 0
github.com/aws-research-wizard/go/internal/commands/data/diagnose.go:216.60,220.4 2 0
github.com/aws-research-wizard/go/internal/commands/data/diagnose.go:223.2,224.51 1 0
github.com/aws-research-wizard/go/internal/commands/data/diagnose.go:224.51,228.4 2 0
github.com/aws-research-wizard/go/internal/commands/data/diagnose.go:230.2,230.12 1 0
github.com/aws-research-wizard/go/internal/commands/data/diagnose.go:234.116,240.59 3 0
github.com/aws-research-wizard/go/internal/commands/data/diagnose.go:240.59,242.78 1 0
github.com/aws-research-wizard/go/internal/commands/data/diagnose.go:242.78,244.5 1 0
github.com/aws-research-wizard/go/internal/commands/data/diagnose.go:245.4,245.14 1 0
github.com/aws-research-wizard/go/internal/commands/data/diagnose.go:249.2,250.56 1 0
github.com/aws-research-wizard/go/internal/commands/data/diagnose.go:250.56,254.4 2 0
github.com/aws-research-wizard/go/internal/commands/data/diagnose.go:256.2,256.12 1 0
github.com/aws-research-wizard/go/internal/commands/data/diagnose.go:260.115,265.22 4 0
github.com/aws-research-wizard/go/internal/commands/data/diagnose.go:265.22,267.3 1 0
github.com/aws-research-wizard/go/internal/commands/data/diagnose.go:270.2,271.86 1 0
github.com/aws-research-wizard/go/internal/commands/data/diagnose.go:271.86,272.57 1 0
github.com/aws-research-wizard/go/internal/commands/data/diagnose.go:272.57,274.5 1 0
github.com/aws-research-wizard/go/internal/commands/data/diagnose.go:275.4,275.14 1 0
github.com/aws-research-wizard/go/internal/commands/data/diagnose.go:279.2,279.53 1 0
github.com/aws-research-wizard/go/internal/commands/data/diagnose.go:279.53,281.57 1 0
github.com/aws-research-wizard/go/internal/commands/data/diagnose.go:281.57,285.5 2 0
github.com/aws-research-wizard/go/internal/commands/data/diagnose.go:288.2,288.12 1 0
github.com/aws-research-wizard/go/internal/commands/data/diagnose.go:292.110,298.33 4 0
github.com/aws-research-wizard/go/internal/commands/data/diagnose.go:298.33,302.69 2 0
github.com/aws-research-wizard/go/internal/commands/data/diagnose.go:302.69,305.33 2 0
github.com/aws-research-wizard/go/internal/commands/data/diagnose.go:305.33,307.6 1 0
github.com/aws-research-wizard/go/internal/commands/data/diagnose.go:308.5,308.15 1 0
github.com/aws-research-wizard/go/internal/commands/data/diagnose.go:312.2,312.12 1 0
github.com/aws-research-wizard/go/internal/commands/data/diagnose.go:316.109,322.58 3 0
github.com/aws-research-wizard/go/internal/commands/data/diagnose.go:322.58,326.4 2 0
github.com/aws-research-wizard/go/internal/commands/data/diagnose.go:329.2,329.31 1 0
github.com/aws-research-wizard/go/internal/commands/data/diagnose.go:329.31,331.91 1 0
github.com/aws-research-wizard/go/internal/commands/data/diagnose.go:331.91,335.5 2 0
github.com/aws-research-wizard/go/internal/commands/data/diagnose.go:338.2,338.12 1 0
github.com/aws-research-wizard/go/internal/commands/data/diagnose.go:342.110,348.58 3 0
github.com/aws-research-wizard/go/internal/commands/data/diagnose.go:348.58,350.21 2 0
github.com/aws-research-wizard/go/internal/commands/data/diagnose.go:350.21,352.5 1 0
github.com/aws-research-wizard/go/internal/commands/data/diagnose.go:353.4,353.14 1 0
github.com/aws-research-wizard/go/internal/commands/data/diagnose.go:356.2,356.12 1 0
github.com/aws-research-wizard/go/internal/commands/data/diagnose.go:360.109,370.2 6 0
github.com/aws-research-wizard/go/internal/commands/data/diagnose.go:373.89,384.16 5 0
github.com/aws-research-wizard/go/internal/commands/data/diagnose.go:384.16,387.3 2 0
github.com/aws-research-wizard/go/internal/commands/data/diagnose.go:387.8,394.3 4 0
github.com/aws-research-wizard/go/internal/commands/data/diagnose.go:396.2,396.13 1 0
github.com/aws-research-wizard/go/internal/commands/data/diagnose.go:400.50,401.16 1 0
github.com/aws-research-wizard/go/internal/commands/data/diagnose.go:401.16,403.3 1 0
github.com/aws-research-wizard/go/internal/commands/data/diagnose.go:405.2,408.45 3 0
github.com/aws-research-wizard/go/internal/commands/data/diagnose.go:408.45,410.3 1 0
github.com/aws-research-wizard/go/internal/commands/data/diagnose.go:411.2,411.43 1 0
github.com/aws-research-wizard/go/internal/commands/data/diagnose.go:411.43,413.3 1 0
github.com/aws-research-wizard/go/internal/commands/data/diagnose.go:414.2,414.44 1 0
github.com/aws-research-wizard/go/internal/commands/data/diagnose.go:414.44,416.3 1 0
github.com/aws-research-wizard/go/internal/commands/data/diagnose.go:417.2,417.80 1 0
github.com/aws-research-wizard/go/internal/commands/data/diagnose.go:417.80,419.3 1 0
github.com/aws-research-wizard/go/internal/commands/data/diagnose.go:421.2,421.20 1 0
github.com/aws-research-wizard/go/internal/commands/data/diagnose.go:425.59,431.37 4 0
github.com/aws-research-wizard/go/internal/commands/data/diagnose.go:431.37,433.22 2 0
github.com/aws-research-wizard/go/internal/commands/data/diagnose.go:434.15,435.25 1 0
[...]
github.com/aws-research-wizard/go/internal/data/warning_system.go:346.67,349.5 2 0
github.com/aws-research-wizard/go/internal/data/warning_system.go:350.67,353.5 2 0
github.com/aws-research-wizard/go/internal/data/warning_system.go:362.136,376.32 2 0
github.com/aws-research-wizard/go/internal/data/warning_system.go:376.32,377.20 1 0
github.com/aws-research-wizard/go/internal/data/warning_system.go:377.20,378.12 1 0
github.com/aws-research-wizard/go/internal/data/warning_system.go:381.3,381.44 1 0
github.com/aws-research-wizard/go/internal/data/warning_system.go:381.44,385.32 2 0
github.com/aws-research-wizard/go/internal/data/warning_system.go:386.20,387.71 1 0
github.com/aws-research-wizard/go/internal/data/warning_system.go:388.19,389.59 1 0
github.com/aws-research-wizard/go/internal/data/warning_system.go:390.16,391.63 1 0
github.com/aws-research-wizard/go/internal/data/warning_system.go:395.4,395.54 1 0
github.com/aws-research-wizard/go/internal/data/warning_system.go:395.54,397.5 1 0
github.com/aws-research-wizard/go/internal/data/warning_system.go:397.10,399.5 1 0
github.com/aws-research-wizard/go/internal/data/warning_system.go:404.2,410.20 4 0
github.com/aws-research-wizard/go/internal/data/warning_system.go:414.124,437.2 7 0
github.com/aws-research-wizard/go/internal/data/warning_system.go:440.128,443.17 2 0
github.com/aws-research-wizard/go/internal/data/warning_system.go:444.30,449.27 5 0
github.com/aws-research-wizard/go/internal/data/warning_system.go:451.32,456.27 5 0
github.com/aws-research-wizard/go/internal/data/warning_system.go:458.33,464.27 6 0
github.com/aws-research-wizard/go/internal/data/warning_system.go:466.32,472.28 6 0
github.com/aws-research-wizard/go/internal/data/warning_system.go:474.10,478.38 4 0
github.com/aws-research-wizard/go/internal/data/warning_system.go:481.2,481.15 1 0
github.com/aws-research-wizard/go/internal/data/warning_system.go:485.126,490.17 2 0
github.com/aws-research-wizard/go/internal/data/warning_system.go:491.30,507.86 6 0
github.com/aws-research-wizard/go/internal/data/warning_system.go:509.32,522.50 5 0
github.com/aws-research-wizard/go/internal/data/warning_system.go:524.33,537.50 5 0
github.com/aws-research-wizard/go/internal/data/warning_system.go:539.10,543.41 4 0
github.com/aws-research-wizard/go/internal/data/warning_system.go:546.2,546.20 1 0
github.com/aws-research-wizard/go/internal/data/warning_system.go:550.132,553.17 2 0
github.com/aws-research-wizard/go/internal/data/warning_system.go:554.30,558.85 4 0
github.com/aws-research-wizard/go/internal/data/warning_system.go:560.32,563.57 3 0
github.com/aws-research-wizard/go/internal/data/warning_system.go:565.33,567.46 2 0
github.com/aws-research-wizard/go/internal/data/warning_system.go:567.46,568.29 1 0
github.com/aws-research-wizard/go/internal/data/warning_system.go:568.29,570.5 1 0
github.com/aws-research-wizard/go/internal/data/warning_system.go:572.3,574.48 3 0
github.com/aws-research-wizard/go/internal/data/warning_system.go:577.2,577.17 1 0
github.com/aws-research-wizard/go/internal/data/warning_system.go:581.136,592.74 4 0
github.com/aws-research-wizard/go/internal/data/warning_system.go:592.74,593.43 1 0
github.com/aws-research-wizard/go/internal/data/warning_system.go:593.43,595.4 1 0
github.com/aws-research-wizard/go/internal/data/warning_system.go:596.3,596.57 1 0
github.com/aws-research-wizard/go/internal/data/warning_system.go:598.2,601.36 2 0
github.com/aws-research-wizard/go/internal/data/warning_system.go:601.36,604.3 2 0
github.com/aws-research-wizard/go/internal/data/warning_system.go:604.8,604.37 1 0
github.com/aws-research-wizard/go/internal/data/warning_system.go:604.37,607.3 2 0
github.com/aws-research-wizard/go/internal/data/warning_system.go:609.2,609.16 1 0
github.com/aws-research-wizard/go/internal/data/warning_system.go:613.75,617.46 2 0
github.com/aws-research-wizard/go/internal/data/warning_system.go:617.46,619.3 1 0
github.com/aws-research-wizard/go/internal/data/warning_system.go:620.2,620.40 1 0
github.com/aws-research-wizard/go/internal/data/warning_system.go:620.40,622.3 1 0
github.com/aws-research-wizard/go/internal/data/warning_system.go:623.2,623.42 1 0
github.com/aws-research-wizard/go/internal/data/warning_system.go:623.42,625.3 1 0
github.com/aws-research-wizard/go/internal/data/warning_system.go:627.2,627.15 1 0
github.com/aws-research-wizard/go/internal/data/warning_system.go:627.15,629.3 1 0
github.com/aws-research-wizard/go/internal/data/warning_system.go:631.2,631.14 1 0
github.com/aws-research-wizard/go/internal/data/warning_system.go:635.88,645.34 3 0
github.com/aws-research-wizard/go/internal/data/warning_system.go:645.34,647.35 2 0
github.com/aws-research-wizard/go/internal/data/warning_system.go:647.35,649.4 1 0
github.com/aws-research-wizard/go/internal/data/warning_system.go:649.9,649.38 1 0
github.com/aws-research-wizard/go/internal/data/warning_system.go:649.38,651.4 1 0
github.com/aws-research-wizard/go/internal/data/warning_system.go:653.3,654.41 2 0
github.com/aws-research-wizard/go/internal/data/warning_system.go:654.41,656.4 1 0
github.com/aws-research-wizard/go/internal/data/warning_system.go:659.2,659.23 1 0
github.com/aws-research-wizard/go/internal/data/warning_system.go:663.58,665.32 2 0
github.com/aws-research-wizard/go/internal/data/warning_system.go:665.32,666.19 1 0
github.com/aws-research-wizard/go/internal/data/warning_system.go:666.19,668.4 1 0
github.com/aws-research-wizard/go/internal/data/warning_system.go:670.2,670.16 1 0
github.com/aws-research-wizard/go/internal/data/warning_system.go:674.73,676.2 1 0
github.com/aws-research-wizard/go/internal/data/warning_system.go:679.52,680.26 1 0
github.com/aws-research-wizard/go/internal/data/warning_system.go:680.26,681.31 1 0
github.com/aws-research-wizard/go/internal/data/warning_system.go:681.31,683.9 2 0
github.com/aws-research-wizard/go/internal/data/warning_system.go:689.53,690.26 1 0
github.com/aws-research-wizard/go/internal/data/warning_system.go:690.26,691.31 1 0
github.com/aws-research-wizard/go/internal/data/warning_system.go:691.31,693.9 2 0
github.com/aws-research-wizard/go/internal/data/workflow_engine.go:220.44,222.2 1 1
github.com/aws-research-wizard/go/internal/data/workflow_engine.go:225.44,227.2 1 0
github.com/aws-research-wizard/go/internal/data/workflow_engine.go:230.70,231.19 1 1
github.com/aws-research-wizard/go/internal/data/workflow_engine.go:231.19,241.3 1 1
github.com/aws-research-wizard/go/internal/data/workflow_engine.go:243.2,255.3 1 1
github.com/aws-research-wizard/go/internal/data/workflow_engine.go:259.71,261.2 1 1
github.com/aws-research-wizard/go/internal/data/workflow_engine.go:264.86,266.2 1 0
github.com/aws-research-wizard/go/internal/data/workflow_engine.go:269.74,271.2 1 1
github.com/aws-research-wizard/go/internal/data/workflow_engine.go:274.79,275.19 1 1
github.com/aws-research-wizard/go/internal/data/workflow_engine.go:275.19,277.3 1 0
github.com/aws-research-wizard/go/internal/data/workflow_engine.go:279.2,280.16 2 1
github.com/aws-research-wizard/go/internal/data/workflow_engine.go:280.16,282.3 1 0
github.com/aws-research-wizard/go/internal/data/workflow_engine.go:284.2,285.12 2 1
github.com/aws-research-wizard/go/internal/data/workflow_engine.go:289.72,291.2 1 1
github.com/aws-research-wizard/go/internal/data/workflow_engine.go:294.90,296.2 1 0
github.com/aws-research-wizard/go/internal/data/workflow_engine.go:299.108,302.18 2 1
github.com/aws-research-wizard/go/internal/data/workflow_engine.go:302.18,305.3 1 1
github.com/aws-research-wizard/go/internal/data/workflow_engine.go:307.2,308.13 2 1
github.com/aws-research-wizard/go/internal/data/workflow_engine.go:308.13,311.3 1 1
github.com/aws-research-wizard/go/internal/data/workflow_engine.go:314.2,314.45 1 1
github.com/aws-research-wizard/go/internal/data/workflow_engine.go:314.45,316.3 1 1
github.com/aws-research-wizard/go/internal/data/workflow_engine.go:318.2,318.43 1 1
github.com/aws-research-wizard/go/internal/data/workflow_engine.go:318.43,320.3 1 1
github.com/aws-research-wizard/go/internal/data/workflow_engine.go:323.2,323.56 1 1
github.com/aws-research-wizard/go/internal/data/workflow_engine.go:323.56,324.61 1 1
github.com/aws-research-wizard/go/internal/data/workflow_engine.go:324.61,326.4 1 1
github.com/aws-research-wizard/go/internal/data/workflow_engine.go:330.2,330.81 1 1
github.com/aws-research-wizard/go/internal/data/workflow_engine.go:330.81,345.3 2 1
github.com/aws-research-wizard/go/internal/data/workflow_engine.go:348.2,348.46 1 1
github.com/aws-research-wizard/go/internal/data/workflow_engine.go:348.46,361.3 2 1
github.com/aws-research-wizard/go/internal/data/workflow_engine.go:363.2,363.12 1 1
github.com/aws-research-wizard/go/internal/data/workflow_engine.go:367.143,370.44 2 1
github.com/aws-research-wizard/go/internal/data/workflow_engine.go:370.44,371.29 1 1
github.com/aws-research-wizard/go/internal/data/workflow_engine.go:371.29,373.9 2 1
github.com/aws-research-wizard/go/internal/data/workflow_engine.go:377.2,377.21 1 1
github.com/aws-research-wizard/go/internal/data/workflow_engine.go:377.21,379.3 1 0
github.com/aws-research-wizard/go/internal/data/workflow_engine.go:381.2,381.23 1 1
github.com/aws-research-wizard/go/internal/data/workflow_engine.go:381.23,383.3 1 0
github.com/aws-research-wizard/go/internal/data/workflow_engine.go:386.2,386.77 1 1
github.com/aws-research-wizard/go/internal/data/workflow_engine.go:386.77,388.3 1 0
github.com/aws-research-wizard/go/internal/data/workflow_engine.go:391.2,395.53 4 1
github.com/aws-research-wizard/go/internal/data/workflow_engine.go:395.53,397.3 1 1
github.com/aws-research-wizard/go/internal/data/workflow_engine.go:400.2,410.23 6 1
github.com/aws-research-wizard/go/internal/data/workflow_engine.go:414.141,419.42 3 1
github.com/aws-research-wizard/go/internal/data/workflow_engine.go:419.42,420.91 1 1
github.com/aws-research-wizard/go/internal/data/workflow_engine.go:420.91,422.4 1 1
github.com/aws-research-wizard/go/internal/data/workflow_engine.go:425.2,446.3 3 1
github.com/aws-research-wizard/go/internal/data/workflow_engine.go:450.82,464.49 3 1
github.com/aws-research-wizard/go/internal/data/workflow_engine.go:464.49,473.3 2 1
github.com/aws-research-wizard/go/internal/data/workflow_engine.go:476.2,490.51 2 1
github.com/aws-research-wizard/go/internal/data/workflow_engine.go:490.51,499.3 2 1
github.com/aws-research-wizard/go/internal/data/workflow_engine.go:502.2,512.14 2 1
github.com/aws-research-wizard/go/internal/data/workflow_engine.go:516.78,517.15 1 1
github.com/aws-research-wizard/go/internal/data/workflow_engine.go:517.15,527.3 7 1
github.com/aws-research-wizard/go/internal/data/workflow_engine.go:529.2,540.39 4 1
github.com/aws-research-wizard/go/internal/data/workflow_engine.go:540.39,544.10 2 1
github.com/aws-research-wizard/go/internal/data/workflow_engine.go:545.35,548.10 3 1
github.com/aws-research-wizard/go/internal/data/workflow_engine.go:549.11,549.11 0 1
github.com/aws-research-wizard/go/internal/data/workflow_engine.go:553.3,553.66 1 1
github.com/aws-research-wizard/go/internal/data/workflow_engine.go:553.66,558.4 4 1
github.com/aws-research-wizard/go/internal/data/workflow_engine.go:561.3,562.31 2 0
github.com/aws-research-wizard/go/internal/data/workflow_engine.go:565.2,567.30 3 0
github.com/aws-research-wizard/go/internal/data/workflow_engine.go:571.104,582.16 4 1
github.com/aws-research-wizard/go/internal/data/workflow_engine.go:582.16,589.4 3 1
github.com/aws-research-wizard/go/internal/data/workflow_engine.go:592.2,597.20 5 1
github.com/aws-research-wizard/go/internal/data/workflow_engine.go:597.20,604.3 4 0
github.com/aws-research-wizard/go/internal/data/workflow_engine.go:607.2,635.22 7 1
github.com/aws-research-wizard/go/internal/data/workflow_engine.go:639.95,642.19 2 1
github.com/aws-research-wizard/go/internal/data/workflow_engine.go:643.17,644.48 1 1
github.com/aws-research-wizard/go/internal/data/workflow_engine.go:645.16,646.47 1 0
github.com/aws-research-wizard/go/internal/data/workflow_engine.go:647.18,648.49 1 0
github.com/aws-research-wizard/go/internal/data/workflow_engine.go:649.18,650.49 1 0
github.com/aws-research-wizard/go/internal/data/workflow_engine.go:651.17,652.48 1 0
github.com/aws-research-wizard/go/internal/data/workflow_engine.go:653.16,654.47 1 0
github.com/aws-research-wizard/go/internal/data/workflow_engine.go:655.10,656.56 1 0
github.com/aws-research-wizard/go/internal/data/workflow_engine.go:662.102,663.31 1 1
github.com/aws-research-wizard/go/internal/data/workflow_engine.go:663.31,665.3 1 0
github.com/aws-research-wizard/go/internal/data/workflow_engine.go:667.2,668.22 2 1
github.com/aws-research-wizard/go/internal/data/workflow_engine.go:668.22,670.3 1 0
github.com/aws-research-wizard/go/internal/data/workflow_engine.go:673.2,674.16 2 1
github.com/aws-research-wizard/go/internal/data/workflow_engine.go:674.16,676.3 1 1
github.com/aws-research-wizard/go/internal/data/workflow_engine.go:678.2,686.36 3 0
github.com/aws-research-wizard/go/internal/data/workflow_engine.go:686.36,688.17 2 0
github.com/aws-research-wizard/go/internal/data/workflow_engine.go:688.17,690.4 1 0
github.com/aws-research-wizard/go/internal/data/workflow_engine.go:690.9,692.4 1 0
github.com/aws-research-wizard/go/internal/data/workflow_engine.go:696.2,696.73 1 0
github.com/aws-research-wizard/go/internal/data/workflow_engine.go:696.73,698.17 2 0
github.com/aws-research-wizard/go/internal/data/workflow_engine.go:698.17,700.4 1 0
github.com/aws-research-wizard/go/internal/data/workflow_engine.go:700.9,702.4 1 0
github.com/aws-research-wizard/go/internal/data/workflow_engine.go:705.2,705.12 1 0
github.com/aws-research-wizard/go/internal/data/workflow_engine.go:708.101,709.30 1 0
github.com/aws-research-wizard/go/internal/data/workflow_engine.go:709.30,711.3 1 0
github.com/aws-research-wizard/go/internal/data/workflow_engine.go:714.2,714.42 1 0
github.com/aws-research-wizard/go/internal/data/workflow_engine.go:714.42,716.17 2 0
github.com/aws-research-wizard/go/internal/data/workflow_engine.go:716.17,718.4 1 0
github.com/aws-research-wizard/go/internal/data/workflow_engine.go:720.3,720.34 1 0
github.com/aws-research-wizard/go/internal/data/workflow_engine.go:720.34,727.4 3 0
github.com/aws-research-wizard/go/internal/data/workflow_engine.go:731.2,732.62 2 0
github.com/aws-research-wizard/go/internal/data/workflow_engine.go:732.62,734.3 1 0
github.com/aws-research-wizard/go/internal/data/workflow_engine.go:736.2,743.36 2 0
github.com/aws-research-wizard/go/internal/data/workflow_engine.go:743.36,745.3 1 0
github.com/aws-research-wizard/go/internal/data/workflow_engine.go:748.2,749.16 2 0
github.com/aws-research-wizard/go/internal/data/workflow_engine.go:749.16,751.3 1 0
github.com/aws-research-wizard/go/internal/data/workflow_engine.go:753.2,763.12 4 0
github.com/aws-research-wizard/go/internal/data/workflow_engine.go:766.103,768.46 2 0
github.com/aws-research-wizard/go/internal/data/workflow_engine.go:768.46,770.47 1 0
github.com/aws-research-wizard/go/internal/data/workflow_engine.go:770.47,771.82 1 0
github.com/aws-research-wizard/go/internal/data/workflow_engine.go:771.82,772.41 1 0
github.com/aws-research-wizard/go/internal/data/workflow_engine.go:772.41,774.11 2 0
github.com/aws-research-wizard/go/internal/data/workflow_engine.go:780.3,780.23 1 0
github.com/aws-research-wizard/go/internal/data/workflow_engine.go:780.23,782.4 1 0
github.com/aws-research-wizard/go/internal/data/workflow_engine.go:785.2,786.13 2 0
github.com/aws-research-wizard/go/internal/data/workflow_engine.go:786.13,788.3 1 0
github.com/aws-research-wizard/go/internal/data/workflow_engine.go:791.2,791.62 1 0
github.com/aws-research-wizard/go/internal/data/workflow_engine.go:791.62,793.3 1 0
github.com/aws-research-wizard/go/internal/data/workflow_engine.go:796.2,805.70 2 0
github.com/aws-research-wizard/go/internal/data/workflow_engine.go:805.70,806.102 1 0
github.com/aws-research-wizard/go/internal/data/workflow_engine.go:806.103,808.4 0 0
github.com/aws-research-wizard/go/internal/data/workflow_engine.go:812.2,813.16 2 0
github.com/aws-research-wizard/go/internal/data/workflow_engine.go:813.16,815.3 1 0
github.com/aws-research-wizard/go/internal/data/workflow_engine.go:817.2,829.12 5 0
github.com/aws-research-wizard/go/internal/data/workflow_engine.go:832.103,839.2 2 0
github.com/aws-research-wizard/go/internal/data/workflow_engine.go:841.102,848.2 2 0
github.com/aws-research-wizard/go/internal/data/workflow_engine.go:850.101,852.30 1 0
github.com/aws-research-wizard/go/internal/data/workflow_engine.go:852.30,855.60 2 0
github.com/aws-research-wizard/go/internal/data/workflow_engine.go:855.60,856.22 1 0
github.com/aws-research-wizard/go/internal/data/workflow_engine.go:856.22,858.5 1 0
github.com/aws-research-wizard/go/internal/data/workflow_engine.go:861.3,861.49 1 0
github.com/aws-research-wizard/go/internal/data/workflow_engine.go:861.49,863.4 1 0
github.com/aws-research-wizard/go/internal/data/workflow_engine.go:866.3,866.100 1 0
github.com/aws-research-wizard/go/internal/data/workflow_engine.go:866.100,867.67 1 0
github.com/aws-research-wizard/go/internal/data/workflow_engine.go:867.67,869.5 1 0
github.com/aws-research-wizard/go/internal/data/workflow_engine.go:873.2,879.12 2 0
github.com/aws-research-wizard/go/internal/data/workflow_engine.go:885.78,890.48 4 0
github.com/aws-research-wizard/go/internal/data/workflow_engine.go:890.48,892.3 1 0
github.com/aws-research-wizard/go/internal/data/workflow_engine.go:894.2,894.15 1 0
github.com/aws-research-wizard/go/internal/data/workflow_engine.go:898.96,902.66 3 1
github.com/aws-research-wizard/go/internal/data/workflow_engine.go:902.66,904.3 1 1
github.com/aws-research-wizard/go/internal/data/workflow_engine.go:907.2,907.48 1 0
github.com/aws-research-wizard/go/internal/data/workflow_engine.go:907.48,908.34 1 0
github.com/aws-research-wizard/go/internal/data/workflow_engine.go:908.34,910.4 1 0
github.com/aws-research-wizard/go/internal/data/workflow_engine.go:913.2,913.74 1 0
github.com/aws-research-wizard/go/internal/data/workflow_engine.go:917.68,922.13 4 1
github.com/aws-research-wizard/go/internal/data/workflow_engine.go:922.13,924.3 1 0
github.com/aws-research-wizard/go/internal/data/workflow_engine.go:926.2,927.12 2 1
github.com/aws-research-wizard/go/internal/data/workflow_engine.go:932.72,934.13 2 0
github.com/aws-research-wizard/go/internal/data/workflow_engine.go:934.13,936.3 1 0
github.com/aws-research-wizard/go/internal/data/workflow_engine.go:938.2,938.37 1 0
github.com/aws-research-wizard/go/internal/data/workflow_engine.go:938.37,940.3 1 0
github.com/aws-research-wizard/go/internal/data/workflow_engine.go:943.137,954.2 3 1
github.com/aws-research-wizard/go/internal/data/workflow_engine.go:956.77,961.33 4 1
github.com/aws-research-wizard/go/internal/data/workflow_engine.go:961.33,962.10 1 0
github.com/aws-research-wizard/go/internal/data/workflow_engine.go:963.20,963.20 0 0
github.com/aws-research-wizard/go/internal/data/workflow_engine.go:964.11,964.11 0 0
github.com/aws-research-wizard/go/internal/data/workflow_engine.go:971.107,972.46 1 1
github.com/aws-research-wizard/go/internal/data/workflow_engine.go:972.46,974.3 1 1
github.com/aws-research-wizard/go/internal/data/workflow_engine.go:975.2,975.89 1 1
github.com/aws-research-wizard/go/internal/data/workflow_engine.go:979.63,984.47 3 0
github.com/aws-research-wizard/go/internal/data/workflow_engine.go:984.47,986.3 1 0
github.com/aws-research-wizard/go/internal/data/workflow_engine.go:987.2,993.6 4 0
github.com/aws-research-wizard/go/internal/data/workflow_engine.go:993.6,994.10 1 0
github.com/aws-research-wizard/go/internal/data/workflow_engine.go:995.21,996.20 1 0
github.com/aws-research-wizard/go/internal/data/workflow_engine.go:997.19,1002.24 4 0
github.com/aws-research-wizard/go/internal/data/workflow_engine.go:1002.24,1004.5 1 0
